This is LuaHBTeX, Version 1.12.0 (MiKTeX 20.11) (format=lualatex 2020.11.27)  7 MAR 2021 09:36
 restricted system commands enabled.
 file:line:error style messages enabled.
**"c:/Users/JOSEP/Desktop/CITCEA/VSC faults/Escrit 5 - final report/Reasoning"

("c:/Users/JOSEP/Desktop/CITCEA/VSC faults/Escrit 5 - final report/Reasoning.te
x"
LaTeX2e <2020-10-01> patch level 2
Lua module: luaotfload-main 2020-09-02 3.15 luaotfload entry point
Lua module: luaotfload-init 2020-09-02 3.15 luaotfload submodule / initializatio
n
Lua module: lualibs 2020-08-31 2.72 ConTeXt Lua standard libraries.
Lua module: lualibs-extended 2020-08-31 2.72 ConTeXt Lua libraries -- extended c
ollection.
Lua module: luaotfload-log 2020-09-02 3.15 luaotfload submodule / logging
Lua module: luaotfload-parsers 2020-09-02 3.15 luaotfload submodule / parsers
Lua module: luaotfload-configuration 2020-09-02 3.15 luaotfload submodule / conf
ig file reader
luaotfload | conf : Root cache directory is "C:/Users/JOSEP/AppData/Local/MiKTeX
/2.9/luatex-cache/generic/names".
luaotfload | init : Loading fontloader "fontloader-2020-08-31.lua" from kpse-res
olved path "C:/Program Files/MiKTeX 2.9/tex/luatex/luaotfload/fontloader-2020-08
-31.lua".
Lua-only attribute luaotfload@noligature = 1
Lua-only attribute luaotfload@syllabe = 2
luaotfload | init : Context OpenType loader version 0x1.8e353f7ced917p+1
Lua module: luaotfload-fallback 2020-09-02 3.15 luaotfload submodule / fallback
Lua module: luaotfload-multiscript 2020-09-02 3.15 luaotfload submodule / multis
cript
Lua module: luaotfload-script 2020-09-02 3.15 luaotfload submodule / Script help
ers
Inserting `luaotfload.node_processor' at position 1 in `pre_linebreak_filter'.
Inserting `luaotfload.node_processor' at position 1 in `hpack_filter'.
Inserting `luaotfload.glyph_stream' at position 1 in `glyph_stream_provider'.
Lua module: luaotfload-loaders 2020-09-02 3.15 luaotfload submodule / callback h
andling
Inserting `luaotfload.define_font' at position 1 in `define_font'.
Lua module: luaotfload-database 2020-09-02 3.15 luaotfload submodule / database
Lua module: luaotfload-unicode 2020-09-02 3.15 luaotfload submodule / Unicode he
lpers
Lua module: luaotfload-colors 2020-09-02 3.15 luaotfload submodule / color
Lua-only attribute luaotfload_color_attribute = 3
Lua module: luaotfload-resolvers 2020-09-02 3.15 luaotfload submodule / resolver
s
luaotfload | conf : Root cache directory is "C:/Users/JOSEP/AppData/Local/MiKTeX
/2.9/luatex-cache/generic/names".
Lua module: luaotfload-features 2020-09-02 3.15 luaotfload submodule / features
Lua module: luaotfload-harf-define 2020-09-02 3.15 luaotfload submodule / HarfBu
zz font loading
Inserting `luaotfload.harf.strip_prefix' at position 1 in `find_opentype_file'.
Inserting `luaotfload.harf.strip_prefix' at position 1 in `find_truetype_file'.
Lua module: luaotfload-harf-plug 2020-09-02 3.15 luaotfload submodule / HarfBuzz
 shaping
Inserting `Harf pre_output_filter callback' at position 1 in `pre_output_filter'
.
Inserting `Harf wrapup_run callback' at position 1 in `wrapup_run'.
Inserting `Harf finish_pdffile callback' at position 1 in `finish_pdffile'.
Inserting `Harf glyph_info callback' at position 1 in `glyph_info'.
Lua module: luaotfload-letterspace 2020-09-02 3.15 luaotfload submodule / letter
spacing
Lua module: luaotfload-embolden 2020-09-02 3.15 luaotfload submodule / embolden
Lua module: luaotfload-notdef 2020-09-02 3.15 luaotfload submodule / notdef
Lua module: luaotfload-suppress 2020-09-02 3.15 luaotfload submodule / suppress
Lua module: luaotfload-szss 2020-09-02 3.15 luaotfload submodule / Special featu
re handling
Lua module: luaotfload-auxiliary 2020-09-02 3.15 luaotfload submodule / auxiliar
y functions
Inserting `luaotfload.aux.set_sscale_dimens' at position 1 in `luaotfload.patch_
font'.
Inserting `luaotfload.aux.set_font_index' at position 2 in `luaotfload.patch_fon
t'.
Inserting `luaotfload.aux.patch_cambria_domh' at position 3 in `luaotfload.patch
_font'.
Inserting `luaotfload.aux.fixup_fontdata' at position 1 in `luaotfload.patch_fon
t_unsafe'.
Inserting `luaotfload.aux.set_capheight' at position 4 in `luaotfload.patch_font
'.
Inserting `luaotfload.aux.set_xheight' at position 5 in `luaotfload.patch_font'.
Lua module: luaotfload-tounicode 2020-09-02 3.15 luaotfload submodule / tounicod
e
Inserting `luaotfload.rewrite_fontname' at position 6 in `luaotfload.patch_font'
. L3 programming layer <2020-10-27> xparse <2020-03-03>
("C:/Program Files/MiKTeX 2.9/tex/latex/base/article.cls"
Document Class: article 2020/04/10 v1.4m Standard LaTeX document class
("C:/Program Files/MiKTeX 2.9/tex/latex/base/size10.clo"
File: size10.clo 2020/04/10 v1.4m Standard LaTeX file (size option)
luaotfload | db : Font names database loaded from C:/Users/JOSEP/AppData/Local/M
iKTeX/2.9/luatex-cache/generic/names/luaotfload-names.luc)
\c@part=\count171
\c@section=\count172
\c@subsection=\count173
\c@subsubsection=\count174
\c@paragraph=\count175
\c@subparagraph=\count176
\c@figure=\count177
\c@table=\count178
\abovecaptionskip=\skip47
\belowcaptionskip=\skip48
\bibindent=\dimen138
)
(C:/Users/JOSEP/AppData/Roaming/MiKTeX/2.9/tex/latex/geometry/geometry.sty
Package: geometry 2020/01/02 v5.9 Page Geometry

("C:/Program Files/MiKTeX 2.9/tex/latex/graphics/keyval.sty"
Package: keyval 2014/10/28 v1.15 key=value parser (DPC)
\KV@toks@=\toks15
)
("C:/Program Files/MiKTeX 2.9/tex/generic/iftex/ifvtex.sty"
Package: ifvtex 2019/10/25 v1.7 ifvtex legacy package. Use iftex instead.

("C:/Program Files/MiKTeX 2.9/tex/generic/iftex/iftex.sty"
Package: iftex 2020/03/06 v1.0d TeX engine tests
))
\Gm@cnth=\count179
\Gm@cntv=\count180
\c@Gm@tempcnt=\count181
\Gm@bindingoffset=\dimen139
\Gm@wd@mp=\dimen140
\Gm@odd@mp=\dimen141
\Gm@even@mp=\dimen142
\Gm@layoutwidth=\dimen143
\Gm@layoutheight=\dimen144
\Gm@layouthoffset=\dimen145
\Gm@layoutvoffset=\dimen146
\Gm@dimlist=\toks16

(C:/Users/JOSEP/AppData/Roaming/MiKTeX/2.9/tex/latex/geometry/geometry.cfg))
("C:/Program Files/MiKTeX 2.9/tex/latex/biblatex/biblatex.sty"
Package: biblatex 2020/08/23 v3.15a programmable bibliographies (PK/MW)

(C:/Users/JOSEP/AppData/Roaming/MiKTeX/2.9/tex/latex/pdftexcmds/pdftexcmds.sty
Package: pdftexcmds 2019/11/24 v0.31 Utility functions of pdfTeX for LuaTeX (HO)


(C:/Users/JOSEP/AppData/Roaming/MiKTeX/2.9/tex/generic/infwarerr/infwarerr.sty
Package: infwarerr 2019/12/03 v1.5 Providing info/warning/error messages (HO)
) (C:/Users/JOSEP/AppData/Roaming/MiKTeX/2.9/tex/generic/ltxcmds/ltxcmds.sty
Package: ltxcmds 2020-05-10 v1.25 LaTeX kernel commands for general use (HO)
)
Package pdftexcmds Info: \pdf@primitive is available.
Package pdftexcmds Info: \pdf@ifprimitive is available.
Package pdftexcmds Info: \pdfdraftmode found.
\pdftexcmds@toks=\toks17
)
("C:/Program Files/MiKTeX 2.9/tex/latex/etoolbox/etoolbox.sty"
Package: etoolbox 2020/10/05 v2.5k e-TeX tools for LaTeX (JAW)
\etb@tempcnta=\count182
)
(C:/Users/JOSEP/AppData/Roaming/MiKTeX/2.9/tex/latex/kvoptions/kvoptions.sty
Package: kvoptions 2020-10-07 v3.14 Key value format for package options (HO)

(C:/Users/JOSEP/AppData/Roaming/MiKTeX/2.9/tex/generic/kvsetkeys/kvsetkeys.sty
Package: kvsetkeys 2019/12/15 v1.18 Key value parser (HO)
)) (C:/Users/JOSEP/AppData/Roaming/MiKTeX/2.9/tex/latex/logreq/logreq.sty
Package: logreq 2010/08/04 v1.0 xml request logger
\lrq@indent=\count183

(C:/Users/JOSEP/AppData/Roaming/MiKTeX/2.9/tex/latex/logreq/logreq.def
File: logreq.def 2010/08/04 v1.0 logreq spec v1.0
))
("C:/Program Files/MiKTeX 2.9/tex/latex/base/ifthen.sty"
Package: ifthen 2014/09/29 v1.1c Standard LaTeX ifthen package (DPC)
)
("C:/Program Files/MiKTeX 2.9/tex/latex/url/url.sty"
\Urlmuskip=\muskip16
Package: url 2013/09/16  ver 3.4  Verb mode for urls, etc.
)
\c@tabx@nest=\count184
\c@listtotal=\count185
\c@listcount=\count186
\c@liststart=\count187
\c@liststop=\count188
\c@citecount=\count189
\c@citetotal=\count190
\c@multicitecount=\count191
\c@multicitetotal=\count192
\c@instcount=\count193
\c@maxnames=\count194
\c@minnames=\count195
\c@maxitems=\count196
\c@minitems=\count197
\c@citecounter=\count198
\c@maxcitecounter=\count199
\c@savedcitecounter=\count266
\c@uniquelist=\count267
\c@uniquename=\count268
\c@refsection=\count269
\c@refsegment=\count270
\c@maxextratitle=\count271
\c@maxextratitleyear=\count272
\c@maxextraname=\count273
\c@maxextradate=\count274
\c@maxextraalpha=\count275
\c@abbrvpenalty=\count276
\c@highnamepenalty=\count277
\c@lownamepenalty=\count278
\c@maxparens=\count279
\c@parenlevel=\count280
\blx@tempcnta=\count281
\blx@tempcntb=\count282
\blx@tempcntc=\count283
\blx@maxsection=\count284
\blx@maxsegment@0=\count285
\blx@notetype=\count286
\blx@parenlevel@text=\count287
\blx@parenlevel@foot=\count288
\blx@sectionciteorder@0=\count289
\blx@entrysetcounter=\count290
\blx@biblioinstance=\count291
\labelnumberwidth=\skip49
\labelalphawidth=\skip50
\biblabelsep=\skip51
\bibitemsep=\skip52
\bibnamesep=\skip53
\bibinitsep=\skip54
\bibparsep=\skip55
\bibhang=\skip56
\blx@bcfin=\read2
\blx@bcfout=\write3
\blx@langwohyphens=\language2
\c@mincomprange=\count292
\c@maxcomprange=\count293
\c@mincompwidth=\count294
Package biblatex Info: Trying to load biblatex default data model...
Package biblatex Info: ... file 'blx-dm.def' found.

("C:/Program Files/MiKTeX 2.9/tex/latex/biblatex/blx-dm.def"
File: blx-dm.def 2020/08/23 v3.15a biblatex localization (PK/MW)
)
Package biblatex Info: Trying to load biblatex custom data model...
Package biblatex Info: ... file 'biblatex-dm.cfg' not found.
\c@afterword=\count295
\c@savedafterword=\count296
\c@annotator=\count297
\c@savedannotator=\count298
\c@author=\count299
\c@savedauthor=\count300
\c@bookauthor=\count301
\c@savedbookauthor=\count302
\c@commentator=\count303
\c@savedcommentator=\count304
\c@editor=\count305
\c@savededitor=\count306
\c@editora=\count307
\c@savededitora=\count308
\c@editorb=\count309
\c@savededitorb=\count310
\c@editorc=\count311
\c@savededitorc=\count312
\c@foreword=\count313
\c@savedforeword=\count314
\c@holder=\count315
\c@savedholder=\count316
\c@introduction=\count317
\c@savedintroduction=\count318
\c@namea=\count319
\c@savednamea=\count320
\c@nameb=\count321
\c@savednameb=\count322
\c@namec=\count323
\c@savednamec=\count324
\c@translator=\count325
\c@savedtranslator=\count326
\c@shortauthor=\count327
\c@savedshortauthor=\count328
\c@shorteditor=\count329
\c@savedshorteditor=\count330
\c@labelname=\count331
\c@savedlabelname=\count332
\c@institution=\count333
\c@savedinstitution=\count334
\c@lista=\count335
\c@savedlista=\count336
\c@listb=\count337
\c@savedlistb=\count338
\c@listc=\count339
\c@savedlistc=\count340
\c@listd=\count341
\c@savedlistd=\count342
\c@liste=\count343
\c@savedliste=\count344
\c@listf=\count345
\c@savedlistf=\count346
\c@location=\count347
\c@savedlocation=\count348
\c@organization=\count349
\c@savedorganization=\count350
\c@origlocation=\count351
\c@savedoriglocation=\count352
\c@origpublisher=\count353
\c@savedorigpublisher=\count354
\c@publisher=\count355
\c@savedpublisher=\count356
\c@language=\count357
\c@savedlanguage=\count358
\c@origlanguage=\count359
\c@savedoriglanguage=\count360
\c@pageref=\count361
\c@savedpageref=\count362
\shorthandwidth=\skip57
\shortjournalwidth=\skip58
\shortserieswidth=\skip59
\shorttitlewidth=\skip60
\shortauthorwidth=\skip61
\shorteditorwidth=\skip62
\locallabelnumberwidth=\skip63
\locallabelalphawidth=\skip64
\localshorthandwidth=\skip65
\localshortjournalwidth=\skip66
\localshortserieswidth=\skip67
\localshorttitlewidth=\skip68
\localshortauthorwidth=\skip69
\localshorteditorwidth=\skip70
Package biblatex Info: Trying to load enhanced support for Unicode engines...
Package biblatex Info: ... file 'blx-unicode.def' found.

("C:/Program Files/MiKTeX 2.9/tex/latex/biblatex/blx-unicode.def")
Package biblatex Info: Trying to load compatibility code...
Package biblatex Info: ... file 'blx-compat.def' found.

("C:/Program Files/MiKTeX 2.9/tex/latex/biblatex/blx-compat.def"
File: blx-compat.def 2020/08/23 v3.15a biblatex compatibility (PK/MW)
)
("C:/Program Files/MiKTeX 2.9/tex/latex/l3kernel/expl3.sty"
Package: expl3 2020-10-27 L3 programming layer (loader) 

("C:/Program Files/MiKTeX 2.9/tex/latex/l3backend/l3backend-luatex.def"
File: l3backend-luatex.def 2020-09-24 L3 backend support: PDF output (LuaTeX)
\l__kernel_color_stack_int=\count363
\l__pdf_internal_box=\box47
))
Package biblatex Info: expl3
(biblatex)             2020-10-27 L3 programming layer (loader) 
(biblatex)             is new enough (at least 2020/04/06),
(biblatex)             setting 'casechanger=expl3'.
Package biblatex Info: Trying to load expl3 case changing code...
Package biblatex Info: ... file 'blx-case-expl3.def' found.

("C:/Program Files/MiKTeX 2.9/tex/latex/biblatex/blx-case-expl3.def"
("C:/Program Files/MiKTeX 2.9/tex/latex/l3packages/xparse/xparse.sty"
Package: xparse 2020-10-27 L3 Experimental document command parser

("C:/Program Files/MiKTeX 2.9/tex/latex/l3packages/xparse/xparse-generic.tex"))
File: blx-case-expl3 2020/08/23 v3.15a expl3 case changing code for biblatex
)
Package biblatex Info: Trying to load generic definitions...
Package biblatex Info: ... file 'biblatex.def' found.
 ("C:/Program Files/MiKTeX 2.9/tex/latex/biblatex/biblatex.def"
File: biblatex.def 2020/08/23 v3.15a biblatex compatibility (PK/MW)
\c@textcitecount=\count364
\c@textcitetotal=\count365
\c@textcitemaxnames=\count366
\c@biburlbigbreakpenalty=\count367
\c@biburlbreakpenalty=\count368
\c@biburlnumpenalty=\count369
\c@biburlucpenalty=\count370
\c@biburllcpenalty=\count371
\biburlbigskip=\muskip17
\biburlnumskip=\muskip18
\biburlucskip=\muskip19
\biburllcskip=\muskip20
\c@smartand=\count372
)
Package biblatex Info: Trying to load bibliography style 'numeric'...
Package biblatex Info: ... file 'numeric.bbx' found.

("C:/Program Files/MiKTeX 2.9/tex/latex/biblatex/bbx/numeric.bbx"
File: numeric.bbx 2020/08/23 v3.15a biblatex bibliography style (PK/MW)
Package biblatex Info: Trying to load bibliography style 'standard'...
Package biblatex Info: ... file 'standard.bbx' found.

("C:/Program Files/MiKTeX 2.9/tex/latex/biblatex/bbx/standard.bbx"
File: standard.bbx 2020/08/23 v3.15a biblatex bibliography style (PK/MW)
\c@bbx:relatedcount=\count373
\c@bbx:relatedtotal=\count374
))
Package biblatex Info: Trying to load citation style 'numeric'...
Package biblatex Info: ... file 'numeric.cbx' found.

("C:/Program Files/MiKTeX 2.9/tex/latex/biblatex/cbx/numeric.cbx"
File: numeric.cbx 2020/08/23 v3.15a biblatex citation style (PK/MW)
Package biblatex Info: Redefining '\cite'.
Package biblatex Info: Redefining '\parencite'.
Package biblatex Info: Redefining '\footcite'.
Package biblatex Info: Redefining '\footcitetext'.
Package biblatex Info: Redefining '\smartcite'.
Package biblatex Info: Redefining '\supercite'.
Package biblatex Info: Redefining '\textcite'.
Package biblatex Info: Redefining '\textcites'.
Package biblatex Info: Redefining '\cites'.
Package biblatex Info: Redefining '\parencites'.
Package biblatex Info: Redefining '\smartcites'.
)
Package biblatex Info: Trying to load configuration file...
Package biblatex Info: ... file 'biblatex.cfg' found.

("C:/Program Files/MiKTeX 2.9/tex/latex/biblatex/biblatex.cfg"
File: biblatex.cfg 
))
("C:/Program Files/MiKTeX 2.9/tex/latex/tools/bm.sty"
Package: bm 2019/07/24 v1.2d Bold Symbol Support (DPC/FMi)
\symboldoperators=\mathgroup4
\symboldletters=\mathgroup5
\symboldsymbols=\mathgroup6
LaTeX Font Info:    Redeclaring math alphabet \mathbf on input line 141.
LaTeX Info: Redefining \bm on input line 209.
)
("C:/Program Files/MiKTeX 2.9/tex/latex/amsmath/amsmath.sty"
Package: amsmath 2020/09/23 v2.17i AMS math features
\@mathmargin=\skip71

For additional information on amsmath, use the `?' option.
("C:/Program Files/MiKTeX 2.9/tex/latex/amsmath/amstext.sty"
Package: amstext 2000/06/29 v2.01 AMS text

("C:/Program Files/MiKTeX 2.9/tex/latex/amsmath/amsgen.sty"
File: amsgen.sty 1999/11/30 v2.0 generic functions
\@emptytoks=\toks18
\ex@=\dimen147
))
("C:/Program Files/MiKTeX 2.9/tex/latex/amsmath/amsbsy.sty"
Package: amsbsy 1999/11/29 v1.2d Bold Symbols
LaTeX Info: Redefining \boldsymbol on input line 28.
\pmbraise@=\dimen148
)
("C:/Program Files/MiKTeX 2.9/tex/latex/amsmath/amsopn.sty"
Package: amsopn 2016/03/08 v2.02 operator names
)
\inf@bad=\count375
LaTeX Info: Redefining \frac on input line 236.
\uproot@=\count376
\leftroot@=\count377
LaTeX Info: Redefining \overline on input line 399.
\classnum@=\count378
\DOTSCASE@=\count379
LaTeX Info: Redefining \ldots on input line 496.
LaTeX Info: Redefining \dots on input line 499.
LaTeX Info: Redefining \cdots on input line 620.
\Mathstrutbox@=\box48
\strutbox@=\box49
\big@size=\dimen149
LaTeX Font Info:    Redeclaring font encoding OML on input line 743.
LaTeX Font Info:    Redeclaring font encoding OMS on input line 744.
\macc@depth=\count380
\c@MaxMatrixCols=\count381
\dotsspace@=\muskip21
\c@parentequation=\count382
\dspbrk@lvl=\count383
\tag@help=\toks19
\row@=\count384
\column@=\count385
\maxfields@=\count386
\andhelp@=\toks20
\eqnshift@=\dimen150
\alignsep@=\dimen151
\tagshift@=\dimen152
\tagwidth@=\dimen153
\totwidth@=\dimen154
\lineht@=\dimen155
\@envbody=\toks21
\multlinegap=\skip72
\multlinetaggap=\skip73
\mathdisplay@stack=\toks22
LaTeX Info: Redefining \[ on input line 2923.
LaTeX Info: Redefining \] on input line 2924.
)
("C:/Program Files/MiKTeX 2.9/tex/latex/microtype/microtype.sty"
Package: microtype 2019/11/18 v2.7d Micro-typographical refinements (RS)
\MT@toks=\toks23
\MT@count=\count387
LaTeX Info: Redefining \textls on input line 790.
\MT@outer@kern=\dimen156
LaTeX Info: Redefining \textmicrotypecontext on input line 1354.
\MT@listname@count=\count388

("C:/Program Files/MiKTeX 2.9/tex/latex/microtype/microtype-luatex.def"
File: microtype-luatex.def 2019/11/18 v2.7d Definitions specific to luatex (RS)
Module microtype Info: overwriting function `keepligature' on input line 59
LaTeX Info: Redefining \lsstyle on input line 695.
LaTeX Info: Redefining \lslig on input line 695.
\MT@outer@space=\skip74
)
Package microtype Info: Loading configuration file microtype.cfg.

("C:/Program Files/MiKTeX 2.9/tex/latex/microtype/microtype.cfg"
File: microtype.cfg 2019/11/18 v2.7d microtype main configuration file (RS)
)

Package microtype Warning: The protrusion set `noncompatibility' is undeclared.
(microtype)                Using set `alltext' instead.


Package microtype Warning: The expansion set `noncompatibility' is undeclared.
(microtype)                Using set `basictext' instead.

) ("C:/Program Files/MiKTeX 2.9/tex/latex/pgf/frontendlayer/tikz.sty"
("C:/Program Files/MiKTeX 2.9/tex/latex/pgf/basiclayer/pgf.sty"
("C:/Program Files/MiKTeX 2.9/tex/latex/pgf/utilities/pgfrcs.sty"
("C:/Program Files/MiKTeX 2.9/tex/generic/pgf/utilities/pgfutil-common.tex"
\pgfutil@everybye=\toks24
\pgfutil@tempdima=\dimen157
\pgfutil@tempdimb=\dimen158

("C:/Program Files/MiKTeX 2.9/tex/generic/pgf/utilities/pgfutil-common-lists.te
x")) ("C:/Program Files/MiKTeX 2.9/tex/generic/pgf/utilities/pgfutil-latex.def"
\pgfutil@abb=\box50
) ("C:/Program Files/MiKTeX 2.9/tex/generic/pgf/utilities/pgfrcs.code.tex"
("C:/Program Files/MiKTeX 2.9/tex/generic/pgf/pgf.revision.tex")
Package: pgfrcs 2020/10/01 v3.1.6a (3.1.6a)
))
Package: pgf 2020/10/01 v3.1.6a (3.1.6a)

("C:/Program Files/MiKTeX 2.9/tex/latex/pgf/basiclayer/pgfcore.sty"
("C:/Program Files/MiKTeX 2.9/tex/latex/graphics/graphicx.sty"
Package: graphicx 2020/09/09 v1.2b Enhanced LaTeX Graphics (DPC,SPQR)

("C:/Program Files/MiKTeX 2.9/tex/latex/graphics/graphics.sty"
Package: graphics 2020/08/30 v1.4c Standard LaTeX Graphics (DPC,SPQR)

("C:/Program Files/MiKTeX 2.9/tex/latex/graphics/trig.sty"
Package: trig 2016/01/03 v1.10 sin cos tan (DPC)
)
("C:/Program Files/MiKTeX 2.9/tex/latex/graphics-cfg/graphics.cfg"
File: graphics.cfg 2016/06/04 v1.11 sample graphics configuration
)
Package graphics Info: Driver file: luatex.def on input line 105.

("C:/Program Files/MiKTeX 2.9/tex/latex/graphics-def/luatex.def"
File: luatex.def 2020/10/05 v1.2a Graphics/color driver for luatex
))
\Gin@req@height=\dimen159
\Gin@req@width=\dimen160
)
("C:/Program Files/MiKTeX 2.9/tex/latex/pgf/systemlayer/pgfsys.sty"
("C:/Program Files/MiKTeX 2.9/tex/generic/pgf/systemlayer/pgfsys.code.tex"
Package: pgfsys 2020/10/01 v3.1.6a (3.1.6a)

("C:/Program Files/MiKTeX 2.9/tex/generic/pgf/utilities/pgfkeys.code.tex"
\pgfkeys@pathtoks=\toks25
\pgfkeys@temptoks=\toks26

("C:/Program Files/MiKTeX 2.9/tex/generic/pgf/utilities/pgfkeysfiltered.code.te
x"
\pgfkeys@tmptoks=\toks27
))
\pgf@x=\dimen161
\pgf@y=\dimen162
\pgf@xa=\dimen163
\pgf@ya=\dimen164
\pgf@xb=\dimen165
\pgf@yb=\dimen166
\pgf@xc=\dimen167
\pgf@yc=\dimen168
\pgf@xd=\dimen169
\pgf@yd=\dimen170
\w@pgf@writea=\write4
\r@pgf@reada=\read3
\c@pgf@counta=\count389
\c@pgf@countb=\count390
\c@pgf@countc=\count391
\c@pgf@countd=\count392
\t@pgf@toka=\toks28
\t@pgf@tokb=\toks29
\t@pgf@tokc=\toks30
\pgf@sys@id@count=\count393
 ("C:/Program Files/MiKTeX 2.9/tex/generic/pgf/systemlayer/pgf.cfg"
File: pgf.cfg 2020/10/01 v3.1.6a (3.1.6a)
)
Driver file for pgf: pgfsys-luatex.def

("C:/Program Files/MiKTeX 2.9/tex/generic/pgf/systemlayer/pgfsys-luatex.def"
File: pgfsys-luatex.def 2020/10/01 v3.1.6a (3.1.6a)

("C:/Program Files/MiKTeX 2.9/tex/generic/pgf/systemlayer/pgfsys-common-pdf.def
"
File: pgfsys-common-pdf.def 2020/10/01 v3.1.6a (3.1.6a)
)))
("C:/Program Files/MiKTeX 2.9/tex/generic/pgf/systemlayer/pgfsyssoftpath.code.t
ex"
File: pgfsyssoftpath.code.tex 2020/10/01 v3.1.6a (3.1.6a)
\pgfsyssoftpath@smallbuffer@items=\count394
\pgfsyssoftpath@bigbuffer@items=\count395
)
("C:/Program Files/MiKTeX 2.9/tex/generic/pgf/systemlayer/pgfsysprotocol.code.t
ex"
File: pgfsysprotocol.code.tex 2020/10/01 v3.1.6a (3.1.6a)
)) ("C:/Program Files/MiKTeX 2.9/tex/latex/xcolor/xcolor.sty"
Package: xcolor 2016/05/11 v2.12 LaTeX color extensions (UK)

("C:/Program Files/MiKTeX 2.9/tex/latex/graphics-cfg/color.cfg"
File: color.cfg 2016/01/02 v1.6 sample color configuration
)
Package xcolor Info: Driver file: luatex.def on input line 225.
Package xcolor Info: Model `cmy' substituted by `cmy0' on input line 1348.
Package xcolor Info: Model `hsb' substituted by `rgb' on input line 1352.
Package xcolor Info: Model `RGB' extended on input line 1364.
Package xcolor Info: Model `HTML' substituted by `rgb' on input line 1366.
Package xcolor Info: Model `Hsb' substituted by `hsb' on input line 1367.
Package xcolor Info: Model `tHsb' substituted by `hsb' on input line 1368.
Package xcolor Info: Model `HSB' substituted by `hsb' on input line 1369.
Package xcolor Info: Model `Gray' substituted by `gray' on input line 1370.
Package xcolor Info: Model `wave' substituted by `hsb' on input line 1371.
)
("C:/Program Files/MiKTeX 2.9/tex/generic/pgf/basiclayer/pgfcore.code.tex"
Package: pgfcore 2020/10/01 v3.1.6a (3.1.6a)

("C:/Program Files/MiKTeX 2.9/tex/generic/pgf/math/pgfmath.code.tex"
("C:/Program Files/MiKTeX 2.9/tex/generic/pgf/math/pgfmathcalc.code.tex"
("C:/Program Files/MiKTeX 2.9/tex/generic/pgf/math/pgfmathutil.code.tex")
("C:/Program Files/MiKTeX 2.9/tex/generic/pgf/math/pgfmathparser.code.tex"
\pgfmath@dimen=\dimen171
\pgfmath@count=\count396
\pgfmath@box=\box51
\pgfmath@toks=\toks31
\pgfmath@stack@operand=\toks32
\pgfmath@stack@operation=\toks33
)
("C:/Program Files/MiKTeX 2.9/tex/generic/pgf/math/pgfmathfunctions.code.tex"
("C:/Program Files/MiKTeX 2.9/tex/generic/pgf/math/pgfmathfunctions.basic.code.
tex")
("C:/Program Files/MiKTeX 2.9/tex/generic/pgf/math/pgfmathfunctions.trigonometr
ic.code.tex")
("C:/Program Files/MiKTeX 2.9/tex/generic/pgf/math/pgfmathfunctions.random.code
.tex")
("C:/Program Files/MiKTeX 2.9/tex/generic/pgf/math/pgfmathfunctions.comparison.
code.tex")
("C:/Program Files/MiKTeX 2.9/tex/generic/pgf/math/pgfmathfunctions.base.code.t
ex")
("C:/Program Files/MiKTeX 2.9/tex/generic/pgf/math/pgfmathfunctions.round.code.
tex")
("C:/Program Files/MiKTeX 2.9/tex/generic/pgf/math/pgfmathfunctions.misc.code.t
ex")
("C:/Program Files/MiKTeX 2.9/tex/generic/pgf/math/pgfmathfunctions.integerarit
hmetics.code.tex")))
("C:/Program Files/MiKTeX 2.9/tex/generic/pgf/math/pgfmathfloat.code.tex"
\c@pgfmathroundto@lastzeros=\count397
))
("C:/Program Files/MiKTeX 2.9/tex/generic/pgf/math/pgfint.code.tex")
("C:/Program Files/MiKTeX 2.9/tex/generic/pgf/basiclayer/pgfcorepoints.code.tex
"
File: pgfcorepoints.code.tex 2020/10/01 v3.1.6a (3.1.6a)
\pgf@picminx=\dimen172
\pgf@picmaxx=\dimen173
\pgf@picminy=\dimen174
\pgf@picmaxy=\dimen175
\pgf@pathminx=\dimen176
\pgf@pathmaxx=\dimen177
\pgf@pathminy=\dimen178
\pgf@pathmaxy=\dimen179
\pgf@xx=\dimen180
\pgf@xy=\dimen181
\pgf@yx=\dimen182
\pgf@yy=\dimen183
\pgf@zx=\dimen184
\pgf@zy=\dimen185
)
("C:/Program Files/MiKTeX 2.9/tex/generic/pgf/basiclayer/pgfcorepathconstruct.c
ode.tex"
File: pgfcorepathconstruct.code.tex 2020/10/01 v3.1.6a (3.1.6a)
\pgf@path@lastx=\dimen186
\pgf@path@lasty=\dimen187
)
("C:/Program Files/MiKTeX 2.9/tex/generic/pgf/basiclayer/pgfcorepathusage.code.
tex"
File: pgfcorepathusage.code.tex 2020/10/01 v3.1.6a (3.1.6a)
\pgf@shorten@end@additional=\dimen188
\pgf@shorten@start@additional=\dimen189
)
("C:/Program Files/MiKTeX 2.9/tex/generic/pgf/basiclayer/pgfcorescopes.code.tex
"
File: pgfcorescopes.code.tex 2020/10/01 v3.1.6a (3.1.6a)
\pgfpic=\box52
\pgf@hbox=\box53
\pgf@layerbox@main=\box54
\pgf@picture@serial@count=\count398
)
("C:/Program Files/MiKTeX 2.9/tex/generic/pgf/basiclayer/pgfcoregraphicstate.co
de.tex"
File: pgfcoregraphicstate.code.tex 2020/10/01 v3.1.6a (3.1.6a)
\pgflinewidth=\dimen190
)
("C:/Program Files/MiKTeX 2.9/tex/generic/pgf/basiclayer/pgfcoretransformations
.code.tex"
File: pgfcoretransformations.code.tex 2020/10/01 v3.1.6a (3.1.6a)
\pgf@pt@x=\dimen191
\pgf@pt@y=\dimen192
\pgf@pt@temp=\dimen193
)
("C:/Program Files/MiKTeX 2.9/tex/generic/pgf/basiclayer/pgfcorequick.code.tex"
File: pgfcorequick.code.tex 2020/10/01 v3.1.6a (3.1.6a)
)
("C:/Program Files/MiKTeX 2.9/tex/generic/pgf/basiclayer/pgfcoreobjects.code.te
x"
File: pgfcoreobjects.code.tex 2020/10/01 v3.1.6a (3.1.6a)
)
("C:/Program Files/MiKTeX 2.9/tex/generic/pgf/basiclayer/pgfcorepathprocessing.
code.tex"
File: pgfcorepathprocessing.code.tex 2020/10/01 v3.1.6a (3.1.6a)
)
("C:/Program Files/MiKTeX 2.9/tex/generic/pgf/basiclayer/pgfcorearrows.code.tex
"
File: pgfcorearrows.code.tex 2020/10/01 v3.1.6a (3.1.6a)
\pgfarrowsep=\dimen194
)
("C:/Program Files/MiKTeX 2.9/tex/generic/pgf/basiclayer/pgfcoreshade.code.tex"
File: pgfcoreshade.code.tex 2020/10/01 v3.1.6a (3.1.6a)
\pgf@max=\dimen195
\pgf@sys@shading@range@num=\count399
\pgf@shadingcount=\count400
) ("C:/Program Files/MiKTeX 2.9/tex/generic/pgf/basiclayer/pgfcoreimage.code.te
x"
File: pgfcoreimage.code.tex 2020/10/01 v3.1.6a (3.1.6a)

("C:/Program Files/MiKTeX 2.9/tex/generic/pgf/basiclayer/pgfcoreexternal.code.t
ex"
File: pgfcoreexternal.code.tex 2020/10/01 v3.1.6a (3.1.6a)
\pgfexternal@startupbox=\box55
))
("C:/Program Files/MiKTeX 2.9/tex/generic/pgf/basiclayer/pgfcorelayers.code.tex
"
File: pgfcorelayers.code.tex 2020/10/01 v3.1.6a (3.1.6a)
)
("C:/Program Files/MiKTeX 2.9/tex/generic/pgf/basiclayer/pgfcoretransparency.co
de.tex"
File: pgfcoretransparency.code.tex 2020/10/01 v3.1.6a (3.1.6a)
)
("C:/Program Files/MiKTeX 2.9/tex/generic/pgf/basiclayer/pgfcorepatterns.code.t
ex"
File: pgfcorepatterns.code.tex 2020/10/01 v3.1.6a (3.1.6a)
)
("C:/Program Files/MiKTeX 2.9/tex/generic/pgf/basiclayer/pgfcorerdf.code.tex"
File: pgfcorerdf.code.tex 2020/10/01 v3.1.6a (3.1.6a)
))) ("C:/Program Files/MiKTeX 2.9/tex/generic/pgf/modules/pgfmoduleshapes.code.
tex"
File: pgfmoduleshapes.code.tex 2020/10/01 v3.1.6a (3.1.6a)
\pgfnodeparttextbox=\box56
) ("C:/Program Files/MiKTeX 2.9/tex/generic/pgf/modules/pgfmoduleplot.code.tex"
File: pgfmoduleplot.code.tex 2020/10/01 v3.1.6a (3.1.6a)
)
("C:/Program Files/MiKTeX 2.9/tex/latex/pgf/compatibility/pgfcomp-version-0-65.
sty"
Package: pgfcomp-version-0-65 2020/10/01 v3.1.6a (3.1.6a)
\pgf@nodesepstart=\dimen196
\pgf@nodesepend=\dimen197
)
("C:/Program Files/MiKTeX 2.9/tex/latex/pgf/compatibility/pgfcomp-version-1-18.
sty"
Package: pgfcomp-version-1-18 2020/10/01 v3.1.6a (3.1.6a)
)) ("C:/Program Files/MiKTeX 2.9/tex/latex/pgf/utilities/pgffor.sty"
("C:/Program Files/MiKTeX 2.9/tex/latex/pgf/utilities/pgfkeys.sty"
("C:/Program Files/MiKTeX 2.9/tex/generic/pgf/utilities/pgfkeys.code.tex"))
("C:/Program Files/MiKTeX 2.9/tex/latex/pgf/math/pgfmath.sty"
("C:/Program Files/MiKTeX 2.9/tex/generic/pgf/math/pgfmath.code.tex"))
("C:/Program Files/MiKTeX 2.9/tex/generic/pgf/utilities/pgffor.code.tex"
Package: pgffor 2020/10/01 v3.1.6a (3.1.6a)

("C:/Program Files/MiKTeX 2.9/tex/generic/pgf/math/pgfmath.code.tex")
\pgffor@iter=\dimen198
\pgffor@skip=\dimen199
\pgffor@stack=\toks34
\pgffor@toks=\toks35
))
("C:/Program Files/MiKTeX 2.9/tex/generic/pgf/frontendlayer/tikz/tikz.code.tex"
Package: tikz 2020/10/01 v3.1.6a (3.1.6a)

("C:/Program Files/MiKTeX 2.9/tex/generic/pgf/libraries/pgflibraryplothandlers.
code.tex"
File: pgflibraryplothandlers.code.tex 2020/10/01 v3.1.6a (3.1.6a)
\pgf@plot@mark@count=\count401
\pgfplotmarksize=\dimen256
)
\tikz@lastx=\dimen257
\tikz@lasty=\dimen258
\tikz@lastxsaved=\dimen259
\tikz@lastysaved=\dimen260
\tikz@lastmovetox=\dimen261
\tikz@lastmovetoy=\dimen262
\tikzleveldistance=\dimen263
\tikzsiblingdistance=\dimen264
\tikz@figbox=\box57
\tikz@figbox@bg=\box58
\tikz@tempbox=\box59
\tikz@tempbox@bg=\box60
\tikztreelevel=\count402
\tikznumberofchildren=\count403
\tikznumberofcurrentchild=\count404
\tikz@fig@count=\count405

("C:/Program Files/MiKTeX 2.9/tex/generic/pgf/modules/pgfmodulematrix.code.tex"
File: pgfmodulematrix.code.tex 2020/10/01 v3.1.6a (3.1.6a)
\pgfmatrixcurrentrow=\count406
\pgfmatrixcurrentcolumn=\count407
\pgf@matrix@numberofcolumns=\count408
)
\tikz@expandcount=\count409

("C:/Program Files/MiKTeX 2.9/tex/generic/pgf/frontendlayer/tikz/libraries/tikz
librarytopaths.code.tex"
File: tikzlibrarytopaths.code.tex 2020/10/01 v3.1.6a (3.1.6a)
)))
(C:/Users/JOSEP/AppData/Roaming/MiKTeX/2.9/tex/latex/circuitikz/circuitikz.sty
Package: circuitikz 2020/10/04{} The CircuiTikz circuit drawing package version 
1.2.4

("C:/Program Files/MiKTeX 2.9/tex/generic/pgf/frontendlayer/tikz/libraries/tikz
librarycalc.code.tex"
File: tikzlibrarycalc.code.tex 2020/10/01 v3.1.6a (3.1.6a)
)
("C:/Program Files/MiKTeX 2.9/tex/generic/pgf/libraries/pgflibraryarrows.meta.c
ode.tex"
File: pgflibraryarrows.meta.code.tex 2020/10/01 v3.1.6a (3.1.6a)
\pgfarrowinset=\dimen265
\pgfarrowlength=\dimen266
\pgfarrowwidth=\dimen267
\pgfarrowlinewidth=\dimen268
)
("C:/Program Files/MiKTeX 2.9/tex/generic/pgf/frontendlayer/tikz/libraries/tikz
librarybending.code.tex"
File: tikzlibrarybending.code.tex 2020/10/01 v3.1.6a (3.1.6a)

("C:/Program Files/MiKTeX 2.9/tex/generic/pgf/modules/pgfmodulebending.code.tex
"
File: pgfmodulebending.code.tex 2020/10/01 v3.1.6a (3.1.6a)

("C:/Program Files/MiKTeX 2.9/tex/generic/pgf/modules/pgfmodulenonlineartransfo
rmations.code.tex"
File: pgfmodulenonlineartransformations.code.tex 2020/10/01 v3.1.6a (3.1.6a)
\pgftransformnonlinearflatness=\dimen269
)
("C:/Program Files/MiKTeX 2.9/tex/generic/pgf/libraries/pgflibrarycurvilinear.c
ode.tex"
File: pgflibrarycurvilinear.code.tex 2020/10/01 v3.1.6a (3.1.6a)
\pgf@curvilinear@time@a=\dimen270
\pgf@curvilinear@length@a=\dimen271
\pgf@curvilinear@length@b=\dimen272
\pgf@curvilinear@length@c=\dimen273
\pgf@curvilinear@length@d=\dimen274
)
\pgf@arrows@the@rigidity=\dimen275
))
("C:/Program Files/MiKTeX 2.9/tex/generic/pgf/frontendlayer/tikz/libraries/tikz
libraryfpu.code.tex"
("C:/Program Files/MiKTeX 2.9/tex/generic/pgf/libraries/pgflibraryfpu.code.tex"
))
(C:/Users/JOSEP/AppData/Roaming/MiKTeX/2.9/tex/generic/circuitikz/pgfcirc.defin
es.tex
\pgf@circ@count@a=\count410
\pgf@circ@count@b=\count411
\pgf@circ@count@c=\count412
\pgf@circ@res@up=\dimen276
\pgf@circ@res@down=\dimen277
\pgf@circ@res@zero=\dimen278
\pgf@circ@res@left=\dimen279
\pgf@circ@res@right=\dimen280
\pgf@circ@res@other=\dimen281
\pgf@circ@res@step=\dimen282
\pgf@circ@res@temp=\dimen283
\pgf@circ@Rlen=\dimen284
\pgf@circ@scaled@Rlen=\dimen285
\pgfstartlinewidth=\dimen286
)
(C:/Users/JOSEP/AppData/Roaming/MiKTeX/2.9/tex/generic/circuitikz/pgfcircutils.
tex)
(C:/Users/JOSEP/AppData/Roaming/MiKTeX/2.9/tex/generic/circuitikz/pgfcircshapes
.tex)
(C:/Users/JOSEP/AppData/Roaming/MiKTeX/2.9/tex/generic/circuitikz/pgfcircmonopo
les.tex)
(C:/Users/JOSEP/AppData/Roaming/MiKTeX/2.9/tex/generic/circuitikz/pgfcircbipole
s.tex)
(C:/Users/JOSEP/AppData/Roaming/MiKTeX/2.9/tex/generic/circuitikz/pgfcirctripol
es.tex
\pgf@circ@res@count=\count413
)
(C:/Users/JOSEP/AppData/Roaming/MiKTeX/2.9/tex/generic/circuitikz/pgfcircquadpo
les.tex)
(C:/Users/JOSEP/AppData/Roaming/MiKTeX/2.9/tex/generic/circuitikz/pgfcircmultip
oles.tex)
(C:/Users/JOSEP/AppData/Roaming/MiKTeX/2.9/tex/generic/circuitikz/pgfcirclabel.
tex)
(C:/Users/JOSEP/AppData/Roaming/MiKTeX/2.9/tex/generic/circuitikz/pgfcircvoltag
e.tex
\pgfcirc@labelshift=\dimen287
)
(C:/Users/JOSEP/AppData/Roaming/MiKTeX/2.9/tex/generic/circuitikz/pgfcirccurren
t.tex)
(C:/Users/JOSEP/AppData/Roaming/MiKTeX/2.9/tex/generic/circuitikz/pgfcircflow.t
ex)
(C:/Users/JOSEP/AppData/Roaming/MiKTeX/2.9/tex/generic/circuitikz/pgfcircpath.t
ex)

Package circuitikz Warning: You did not specify one of the voltage directions:
(circuitikz)                  oldvoltagedirection, nooldvoltagedirection, 
(circuitikz)                  RPvoltages or EFvoltages 
(circuitikz)                Default directions may have changed, 
(circuitikz)                please check the manual.

) ("C:/Program Files/MiKTeX 2.9/tex/latex/amsfonts/amssymb.sty"
Package: amssymb 2013/01/14 v3.01 AMS font symbols

("C:/Program Files/MiKTeX 2.9/tex/latex/amsfonts/amsfonts.sty"
Package: amsfonts 2013/01/14 v3.01 Basic AMSFonts support
\symAMSa=\mathgroup7
\symAMSb=\mathgroup8
LaTeX Font Info:    Redeclaring math symbol \hbar on input line 98.
LaTeX Font Info:    Overwriting math alphabet `\mathfrak' in version `bold'
(Font)                  U/euf/m/n --> U/euf/b/n on input line 106.
))
(C:/Users/JOSEP/AppData/Roaming/MiKTeX/2.9/tex/latex/diagbox/diagbox.sty
Package: diagbox 2020/02/09 v2.3 Making table heads with diagonal lines

(C:/Users/JOSEP/AppData/Roaming/MiKTeX/2.9/tex/latex/pict2e/pict2e.sty
Package: pict2e 2020/09/30 v0.4b Improved picture commands (HjG,RN,JT)

(C:/Users/JOSEP/AppData/Roaming/MiKTeX/2.9/tex/latex/pict2e/pict2e.cfg
File: pict2e.cfg 2016/02/05 v0.1u pict2e configuration for teTeX/TeXLive
)
Package pict2e Info: Driver file: luatex.def on input line 112.
Package pict2e Info: Driver file for pict2e: p2e-luatex.def on input line 114.

(C:/Users/JOSEP/AppData/Roaming/MiKTeX/2.9/tex/latex/pict2e/p2e-luatex.def
File: p2e-luatex.def 2016/02/05 v0.1u Driver-dependant file (RN,HjG,JT)
)
\pIIe@GRAPH=\toks36
\@arclen=\dimen288
\@arcrad=\dimen289
\pIIe@tempdima=\dimen290
\pIIe@tempdimb=\dimen291
\pIIe@tempdimc=\dimen292
\pIIe@tempdimd=\dimen293
\pIIe@tempdime=\dimen294
\pIIe@tempdimf=\dimen295
)
("C:/Program Files/MiKTeX 2.9/tex/latex/tools/calc.sty"
Package: calc 2017/05/25 v4.3 Infix arithmetic (KKT,FJ)
\calc@Acount=\count414
\calc@Bcount=\count415
\calc@Adimen=\dimen296
\calc@Bdimen=\dimen297
\calc@Askip=\skip75
\calc@Bskip=\skip76
LaTeX Info: Redefining \setlength on input line 80.
LaTeX Info: Redefining \addtolength on input line 81.
\calc@Ccount=\count416
\calc@Cskip=\skip77
)
("C:/Program Files/MiKTeX 2.9/tex/latex/tools/array.sty"
Package: array 2019/08/31 v2.4l Tabular extension package (FMi)
\col@sep=\dimen298
\ar@mcellbox=\box61
\extrarowheight=\dimen299
\NC@list=\toks37
\extratabsurround=\skip78
\backup@length=\skip79
\ar@cellbox=\box62
)
\diagbox@boxa=\box63
\diagbox@boxb=\box64
\diagbox@boxm=\box65
\diagbox@wd=\dimen300
\diagbox@ht=\dimen301
\diagbox@insepl=\dimen302
\diagbox@insepr=\dimen303
\diagbox@outsepl=\dimen304
\diagbox@outsepr=\dimen305
)
("C:/Program Files/MiKTeX 2.9/tex/latex/pgfplots/pgfplots.sty"
("C:/Program Files/MiKTeX 2.9/tex/generic/pgfplots/pgfplots.revision.tex")
Package: pgfplots 2020/02/29 v1.17 Data Visualization (1.17)

("C:/Program Files/MiKTeX 2.9/tex/generic/pgfplots/pgfplots.code.tex"
("C:/Program Files/MiKTeX 2.9/tex/generic/pgfplots/pgfplotscore.code.tex"
Package pgfplots info on input line 124: Initializing with LUA version Lua 5.3
\pgfplots@luabackend@table=\catcodetable12
\t@pgfplots@toka=\toks38
\t@pgfplots@tokb=\toks39
\t@pgfplots@tokc=\toks40
\pgfplots@tmpa=\dimen306
\c@pgfplots@coordindex=\count417
\c@pgfplots@scanlineindex=\count418

("C:/Program Files/MiKTeX 2.9/tex/generic/pgfplots/sys/pgfplotssysgeneric.code.
tex"))
("C:/Program Files/MiKTeX 2.9/tex/generic/pgfplots/libs/pgfplotslibrary.code.te
x")
("C:/Program Files/MiKTeX 2.9/tex/generic/pgfplots/oldpgfcompatib/pgfplotsoldpg
fsupp_loader.code.tex"
("C:/Program Files/MiKTeX 2.9/tex/generic/pgf/libraries/luamath/pgflibraryluama
th.code.tex")
Package pgfplots info on input line 290: luamath library shipped with pgf 3.1.6a
 is up-to-date
)
("C:/Program Files/MiKTeX 2.9/tex/generic/pgfplots/util/pgfplotsutil.code.tex"
Package pgfplots info on input line 82: Found new luatex: initializing lua comma
nds instead of write18 (shell-escape)

("C:/Program Files/MiKTeX 2.9/tex/generic/pgfplots/liststructure/pgfplotslistst
ructure.code.tex")
("C:/Program Files/MiKTeX 2.9/tex/generic/pgfplots/liststructure/pgfplotslistst
ructureext.code.tex")
("C:/Program Files/MiKTeX 2.9/tex/generic/pgfplots/liststructure/pgfplotsarray.
code.tex"
\c@pgfplotsarray@tmp=\count419
)
("C:/Program Files/MiKTeX 2.9/tex/generic/pgfplots/liststructure/pgfplotsmatrix
.code.tex")
("C:/Program Files/MiKTeX 2.9/tex/generic/pgfplots/numtable/pgfplotstableshared
.code.tex"
\c@pgfplotstable@counta=\count420
\t@pgfplotstable@a=\toks41
)
("C:/Program Files/MiKTeX 2.9/tex/generic/pgfplots/liststructure/pgfplotsdeque.
code.tex")
("C:/Program Files/MiKTeX 2.9/tex/generic/pgfplots/util/pgfplotsbinary.code.tex
"
("C:/Program Files/MiKTeX 2.9/tex/generic/pgfplots/util/pgfplotsbinary.data.cod
e.tex"))
("C:/Program Files/MiKTeX 2.9/tex/generic/pgfplots/util/pgfplotsutil.verb.code.
tex")
("C:/Program Files/MiKTeX 2.9/tex/generic/pgfplots/libs/pgflibrarypgfplots.surf
shading.code.tex"
\c@pgfplotslibrarysurf@no=\count421

("C:/Program Files/MiKTeX 2.9/tex/generic/pgfplots/sys/pgflibrarypgfplots.surfs
hading.pgfsys-luatex.def")))
("C:/Program Files/MiKTeX 2.9/tex/generic/pgfplots/util/pgfplotscolormap.code.t
ex"
("C:/Program Files/MiKTeX 2.9/tex/generic/pgfplots/util/pgfplotscolor.code.tex"
))
("C:/Program Files/MiKTeX 2.9/tex/generic/pgfplots/pgfplotsstackedplots.code.te
x")
("C:/Program Files/MiKTeX 2.9/tex/generic/pgfplots/pgfplotsplothandlers.code.te
x"
("C:/Program Files/MiKTeX 2.9/tex/generic/pgfplots/pgfplotsmeshplothandler.code
.tex"
("C:/Program Files/MiKTeX 2.9/tex/generic/pgfplots/pgfplotsmeshplotimage.code.t
ex")))
("C:/Program Files/MiKTeX 2.9/tex/generic/pgfplots/pgfplots.scaling.code.tex")
("C:/Program Files/MiKTeX 2.9/tex/generic/pgfplots/pgfplotscoordprocessing.code
.tex")
("C:/Program Files/MiKTeX 2.9/tex/generic/pgfplots/pgfplots.errorbars.code.tex"
) ("C:/Program Files/MiKTeX 2.9/tex/generic/pgfplots/pgfplots.markers.code.tex"
) ("C:/Program Files/MiKTeX 2.9/tex/generic/pgfplots/pgfplotsticks.code.tex")
("C:/Program Files/MiKTeX 2.9/tex/generic/pgfplots/pgfplots.paths.code.tex")
("C:/Program Files/MiKTeX 2.9/tex/generic/pgf/frontendlayer/tikz/libraries/tikz
librarydecorations.code.tex"
("C:/Program Files/MiKTeX 2.9/tex/generic/pgf/modules/pgfmoduledecorations.code
.tex"
\pgfdecoratedcompleteddistance=\dimen307
\pgfdecoratedremainingdistance=\dimen308
\pgfdecoratedinputsegmentcompleteddistance=\dimen309
\pgfdecoratedinputsegmentremainingdistance=\dimen310
\pgf@decorate@distancetomove=\dimen311
\pgf@decorate@repeatstate=\count422
\pgfdecorationsegmentamplitude=\dimen312
\pgfdecorationsegmentlength=\dimen313
)
\tikz@lib@dec@box=\box66
)
("C:/Program Files/MiKTeX 2.9/tex/generic/pgf/frontendlayer/tikz/libraries/tikz
librarydecorations.pathmorphing.code.tex"
("C:/Program Files/MiKTeX 2.9/tex/generic/pgf/libraries/decorations/pgflibraryd
ecorations.pathmorphing.code.tex"))
("C:/Program Files/MiKTeX 2.9/tex/generic/pgf/frontendlayer/tikz/libraries/tikz
librarydecorations.pathreplacing.code.tex"
("C:/Program Files/MiKTeX 2.9/tex/generic/pgf/libraries/decorations/pgflibraryd
ecorations.pathreplacing.code.tex"))
\pgfplots@numplots=\count423
\pgfplots@xmin@reg=\dimen314
\pgfplots@xmax@reg=\dimen315
\pgfplots@ymin@reg=\dimen316
\pgfplots@ymax@reg=\dimen317
\pgfplots@zmin@reg=\dimen318
\pgfplots@zmax@reg=\dimen319
)
("C:/Program Files/MiKTeX 2.9/tex/generic/pgf/frontendlayer/tikz/libraries/tikz
libraryplotmarks.code.tex"
File: tikzlibraryplotmarks.code.tex 2020/10/01 v3.1.6a (3.1.6a)

("C:/Program Files/MiKTeX 2.9/tex/generic/pgf/libraries/pgflibraryplotmarks.cod
e.tex"
File: pgflibraryplotmarks.code.tex 2020/10/01 v3.1.6a (3.1.6a)
)))
(C:/Users/JOSEP/AppData/Roaming/MiKTeX/2.9/tex/latex/caption/subcaption.sty
Package: subcaption 2020/10/07 v1.3j Sub-captions (AR)

(C:/Users/JOSEP/AppData/Roaming/MiKTeX/2.9/tex/latex/caption/caption.sty
Package: caption 2020/10/26 v3.5g Customizing captions (AR)

(C:/Users/JOSEP/AppData/Roaming/MiKTeX/2.9/tex/latex/caption/caption3.sty
Package: caption3 2020/10/21 v2.2e caption3 kernel (AR)
\captionmargin=\dimen320
\captionmargin@=\dimen321
\captionwidth=\dimen322
\caption@tempdima=\dimen323
\caption@indent=\dimen324
\caption@parindent=\dimen325
\caption@hangindent=\dimen326
Package caption Info: Standard document class detected.
)
\c@caption@flags=\count424
\c@continuedfloat=\count425
)
\c@subfigure=\count426
\c@subtable=\count427
)
\@quotelevel=\count428
\@quotereset=\count429

(./Reasoning.aux

LaTeX Warning: Label `fig:3x1' multiply defined.

)
\openout1 = Reasoning.aux

LaTeX Font Info:    Checking defaults for OML/cmm/m/it on input line 26.
LaTeX Font Info:    ... okay on input line 26.
LaTeX Font Info:    Checking defaults for OMS/cmsy/m/n on input line 26.
LaTeX Font Info:    ... okay on input line 26.
LaTeX Font Info:    Checking defaults for OT1/cmr/m/n on input line 26.
LaTeX Font Info:    ... okay on input line 26.
LaTeX Font Info:    Checking defaults for T1/cmr/m/n on input line 26.
LaTeX Font Info:    ... okay on input line 26.
LaTeX Font Info:    Checking defaults for TS1/cmr/m/n on input line 26.
LaTeX Font Info:    Trying to load font information for TS1+cmr on input line 26
.
 ("C:/Program Files/MiKTeX 2.9/tex/latex/base/ts1cmr.fd"
File: ts1cmr.fd 2019/12/16 v2.5j Standard LaTeX font definitions
)
LaTeX Font Info:    ... okay on input line 26.
LaTeX Font Info:    Checking defaults for TU/lmr/m/n on input line 26.
LaTeX Font Info:    ... okay on input line 26.
LaTeX Font Info:    Checking defaults for OMX/cmex/m/n on input line 26.
LaTeX Font Info:    ... okay on input line 26.
LaTeX Font Info:    Checking defaults for U/cmr/m/n on input line 26.
LaTeX Font Info:    ... okay on input line 26.

*geometry* driver: auto-detecting
*geometry* detected driver: luatex
*geometry* verbose mode - [ preamble ] result:
* driver: luatex
* paper: <default>
* layout: <same size as paper>
* layoutoffset:(h,v)=(0.0pt,0.0pt)
* modes: 
* h-part:(L,W,R)=(85.35826pt, 443.57848pt, 85.35826pt)
* v-part:(T,H,B)=(85.35826pt, 624.25346pt, 85.35826pt)
* \paperwidth=614.295pt
* \paperheight=794.96999pt
* \textwidth=443.57848pt
* \textheight=624.25346pt
* \oddsidemargin=13.08827pt
* \evensidemargin=13.08827pt
* \topmargin=-23.91173pt
* \headheight=12.0pt
* \headsep=25.0pt
* \topskip=10.0pt
* \footskip=30.0pt
* \marginparwidth=65.0pt
* \marginparsep=11.0pt
* \columnsep=10.0pt
* \skip\footins=9.0pt plus 4.0pt minus 2.0pt
* \hoffset=0.0pt
* \voffset=0.0pt
* \mag=1000
* \@twocolumnfalse
* \@twosidefalse
* \@mparswitchfalse
* \@reversemarginfalse
* (1in=72.27pt=25.4mm, 1cm=28.453pt)

Package biblatex Info: Trying to load language 'english'...
Package biblatex Info: ... file 'english.lbx' found.
("C:/Program Files/MiKTeX 2.9/tex/latex/biblatex/lbx/english.lbx"
File: english.lbx 2020/08/23 v3.15a biblatex localization (PK/MW)
)
Package biblatex Info: LuaTeX detected.
(biblatex)             Assuming input encoding 'utf8'.
Package biblatex Info: Automatic encoding selection.
(biblatex)             Assuming data encoding 'utf8'.

\openout3 = Reasoning.bcf
Package biblatex Info: Trying to load bibliographic data...
Package biblatex Info: ... file 'Reasoning.bbl' not found.

No file Reasoning.bbl.
Package biblatex Info: Reference section=0 on input line 26.
Package biblatex Info: Reference segment=0 on input line 26.
LaTeX Info: Redefining \microtypecontext on input line 26.
Package microtype Info: Generating PDF output.
Package microtype Info: Character protrusion enabled (level 2).
Package microtype Info: Using protrusion set `alltext'.
Package microtype Info: Automatic font expansion enabled (level 2),
(microtype)             stretch: 20, shrink: 20, step: 1, non-selected.
Package microtype Info: Using expansion set `basictext'.
LaTeX Info: Redefining \showhyphens on input line 26.
Package microtype Info: No adjustment of tracking.
Package microtype Info: No adjustment of spacing.
Package microtype Info: No adjustment of kerning.
("C:/Program Files/MiKTeX 2.9/tex/latex/microtype/mt-LatinModernRoman.cfg"
File: mt-LatinModernRoman.cfg 2013/03/13 v1.0 microtype config. file: Latin Mode
rn Roman (RS)
)
("C:/Program Files/MiKTeX 2.9/tex/context/base/mkii/supp-pdf.mkii"
[Loading MPS to PDF converter (version 2006.09.02).]
\scratchcounter=\count430
\scratchdimen=\dimen327
\scratchbox=\box67
\nofMPsegments=\count431
\nofMParguments=\count432
\everyMPshowfont=\toks42
\MPscratchCnt=\count433
\MPscratchDim=\dimen328
\MPnumerator=\count434
\makeMPintoPDFobject=\count435
\everyMPtoPDFconversion=\toks43
) ("C:/Program Files/MiKTeX 2.9/tex/latex/epstopdf-pkg/epstopdf-base.sty"
Package: epstopdf-base 2020-01-24 v2.11 Base part for package epstopdf
Package epstopdf-base Info: Redefining graphics rule for `.eps' on input line 48
5.
)
Package pgfplots notification 'compat/show suggested version=true': document has
 been generated with the most recent feature set (\pgfplotsset{compat=1.17}).

Package caption Info: Begin \AtBeginDocument code.
Package caption Info: End \AtBeginDocument code.

LaTeX Warning: Citation 'anees2012grid' on page 1 undefined on input line 41.


LaTeX Warning: Citation 'abdou2013improving' on page 1 undefined on input line 4
1.


LaTeX Warning: Citation 'tsili2009review' on page 1 undefined on input line 43.


LaTeX Warning: Citation 'iov2007mapping' on page 1 undefined on input line 43.


LaTeX Warning: Citation 'conroy2007low' on page 1 undefined on input line 43.


LaTeX Warning: Citation 'camacho2017positive' on page 1 undefined on input line 
43.

("C:/Program Files/MiKTeX 2.9/tex/latex/microtype/mt-cmr.cfg"
File: mt-cmr.cfg 2013/05/19 v2.2 microtype config. file: Computer Modern Roman (
RS)
)
LaTeX Font Info:    Trying to load font information for U+msa on input line 54.

("C:/Program Files/MiKTeX 2.9/tex/latex/amsfonts/umsa.fd"
File: umsa.fd 2013/01/14 v3.01 AMS symbols A
)
("C:/Program Files/MiKTeX 2.9/tex/latex/microtype/mt-msa.cfg"
File: mt-msa.cfg 2006/02/04 v1.1 microtype config. file: AMS symbols (a) (RS)
)
LaTeX Font Info:    Trying to load font information for U+msb on input line 54.

("C:/Program Files/MiKTeX 2.9/tex/latex/amsfonts/umsb.fd"
File: umsb.fd 2013/01/14 v3.01 AMS symbols B
)
("C:/Program Files/MiKTeX 2.9/tex/latex/microtype/mt-msb.cfg"
File: mt-msb.cfg 2005/06/01 v1.0 microtype config. file: AMS symbols (b) (RS)
)
\realshift=\dimen329
\realshift=\dimen330
\realshift=\dimen331
 [1

{C:/Users/JOSEP/AppData/Local/MiKTeX/2.9/pdftex/config/pdftex.map}]

LaTeX Warning: Citation 'camacho2017positive' on page 2 undefined on input line 
75.


LaTeX Warning: Citation 'fortescue1918method' on page 2 undefined on input line 
98.


LaTeX Warning: Citation 'tsili2009review' on page 2 undefined on input line 100.



LaTeX Warning: Citation 'altin2010overview' on page 2 undefined on input line 10
0.


LaTeX Warning: Citation 'serban2016voltage' on page 2 undefined on input line 10
0.


LaTeX Warning: Citation 'camacho2012flexible' on page 2 undefined on input line 
102.


LaTeX Warning: Citation 'camacho2017positive' on page 2 undefined on input line 
102.

[2]

LaTeX Warning: Citation 'kothari2003modern' on page 3 undefined on input line 13
7.

Package pgfplots info on input line 153: Using 'lua backend=false' for plot 0 (t
ype 'pgfplothandlerdiscard'): point meta choice does not support LUA.
Package pgfplots info on input line 153: Using 'lua backend=false' for plot 0 (t
ype 'pgfplothandlerdiscard'): LUA does not support x filter (yet).
PGFPlots: reading {Data/I1_re_3x.csv}
Package pgfplots info on input line 154: Using 'lua backend=false' for plot 1 (t
ype 'pgfplothandlerdiscard'): point meta choice does not support LUA.
PGFPlots: reading {Data/I1_re_3x_2.csv}
Package pgfplots info on input line 155: Using 'lua backend=false' for plot 2 (t
ype 'pgfplothandlerdiscard'): point meta choice does not support LUA.
PGFPlots: reading {Data/I1_re_3x_3.csv}
Package pgfplots info on input line 166: Using 'lua backend=false' for plot 0 (t
ype 'pgfplothandlerdiscard'): point meta choice does not support LUA.
Package pgfplots info on input line 166: Using 'lua backend=false' for plot 0 (t
ype 'pgfplothandlerdiscard'): LUA does not support x filter (yet).
PGFPlots: reading {Data/I1_im_3x.csv}
Package pgfplots info on input line 167: Using 'lua backend=false' for plot 1 (t
ype 'pgfplothandlerdiscard'): point meta choice does not support LUA.
PGFPlots: reading {Data/I1_im_3x_2.csv}
Package pgfplots info on input line 168: Using 'lua backend=false' for plot 2 (t
ype 'pgfplothandlerdiscard'): point meta choice does not support LUA.
PGFPlots: reading {Data/I1_im_3x_3.csv}
Package pgfplots info on input line 179: Using 'lua backend=false' for plot 0 (t
ype 'pgfplothandlerdiscard'): point meta choice does not support LUA.
Package pgfplots info on input line 179: Using 'lua backend=false' for plot 0 (t
ype 'pgfplothandlerdiscard'): LUA does not support x filter (yet).
PGFPlots: reading {Data/I2_re_3x.csv}
Package pgfplots info on input line 180: Using 'lua backend=false' for plot 1 (t
ype 'pgfplothandlerdiscard'): point meta choice does not support LUA.
PGFPlots: reading {Data/I2_re_3x_3.csv}
Package pgfplots info on input line 181: Using 'lua backend=false' for plot 2 (t
ype 'pgfplothandlerdiscard'): point meta choice does not support LUA.
PGFPlots: reading {Data/I2_re_3x_2.csv}
Package pgfplots info on input line 191: Using 'lua backend=false' for plot 0 (t
ype 'pgfplothandlerdiscard'): point meta choice does not support LUA.
Package pgfplots info on input line 191: Using 'lua backend=false' for plot 0 (t
ype 'pgfplothandlerdiscard'): LUA does not support x filter (yet).
PGFPlots: reading {Data/I2_im_3x.csv}
Package pgfplots info on input line 192: Using 'lua backend=false' for plot 1 (t
ype 'pgfplothandlerdiscard'): point meta choice does not support LUA.
PGFPlots: reading {Data/I2_im_3x_3.csv}
Package pgfplots info on input line 193: Using 'lua backend=false' for plot 2 (t
ype 'pgfplothandlerdiscard'): point meta choice does not support LUA.
PGFPlots: reading {Data/I2_im_3x_2.csv}
[3] [4
Missing character: There is no ; (U+003B) in font nullfont!
]
Package pgfplots info on input line 261: Using 'lua backend=false' for plot 0 (t
ype 'pgfplothandlerdiscard'): point meta choice does not support LUA.
Package pgfplots info on input line 261: Using 'lua backend=false' for plot 0 (t
ype 'pgfplothandlerdiscard'): LUA does not support x filter (yet).
PGFPlots: reading {Data/I1_re_LG.csv}
Package pgfplots info on input line 262: Using 'lua backend=false' for plot 1 (t
ype 'pgfplothandlerdiscard'): point meta choice does not support LUA.
PGFPlots: reading {Data/I1_re_LG_2.csv}
Package pgfplots info on input line 263: Using 'lua backend=false' for plot 2 (t
ype 'pgfplothandlerdiscard'): point meta choice does not support LUA.
PGFPlots: reading {Data/I1_re_LG_3.csv}
Package pgfplots info on input line 274: Using 'lua backend=false' for plot 0 (t
ype 'pgfplothandlerdiscard'): point meta choice does not support LUA.
Package pgfplots info on input line 274: Using 'lua backend=false' for plot 0 (t
ype 'pgfplothandlerdiscard'): LUA does not support x filter (yet).
PGFPlots: reading {Data/I1_im_LG.csv}
Package pgfplots info on input line 275: Using 'lua backend=false' for plot 1 (t
ype 'pgfplothandlerdiscard'): point meta choice does not support LUA.
PGFPlots: reading {Data/I1_im_LG_2.csv}
Package pgfplots info on input line 276: Using 'lua backend=false' for plot 2 (t
ype 'pgfplothandlerdiscard'): point meta choice does not support LUA.
PGFPlots: reading {Data/I1_im_LG_3.csv}
Package pgfplots info on input line 287: Using 'lua backend=false' for plot 0 (t
ype 'pgfplothandlerdiscard'): point meta choice does not support LUA.
Package pgfplots info on input line 287: Using 'lua backend=false' for plot 0 (t
ype 'pgfplothandlerdiscard'): LUA does not support x filter (yet).
PGFPlots: reading {Data/I2_re_LG.csv}
Package pgfplots info on input line 288: Using 'lua backend=false' for plot 1 (t
ype 'pgfplothandlerdiscard'): point meta choice does not support LUA.
PGFPlots: reading {Data/I2_re_LG_3.csv}
Package pgfplots info on input line 289: Using 'lua backend=false' for plot 2 (t
ype 'pgfplothandlerdiscard'): point meta choice does not support LUA.
PGFPlots: reading {Data/I2_re_LG_2.csv}
Package pgfplots info on input line 299: Using 'lua backend=false' for plot 0 (t
ype 'pgfplothandlerdiscard'): point meta choice does not support LUA.
Package pgfplots info on input line 299: Using 'lua backend=false' for plot 0 (t
ype 'pgfplothandlerdiscard'): LUA does not support x filter (yet).
PGFPlots: reading {Data/I2_im_LG.csv}
Package pgfplots info on input line 300: Using 'lua backend=false' for plot 1 (t
ype 'pgfplothandlerdiscard'): point meta choice does not support LUA.
PGFPlots: reading {Data/I2_im_LG_3.csv}
Package pgfplots info on input line 301: Using 'lua backend=false' for plot 2 (t
ype 'pgfplothandlerdiscard'): point meta choice does not support LUA.
PGFPlots: reading {Data/I2_im_LG_2.csv}
Package pgfplots info on input line 319: Using 'lua backend=false' for plot 0 (t
ype 'pgfplothandlerdiscard'): point meta choice does not support LUA.
Package pgfplots info on input line 319: Using 'lua backend=false' for plot 0 (t
ype 'pgfplothandlerdiscard'): LUA does not support x filter (yet).
PGFPlots: reading {Data/I1_re_LL.csv}
Package pgfplots info on input line 320: Using 'lua backend=false' for plot 1 (t
ype 'pgfplothandlerdiscard'): point meta choice does not support LUA.
PGFPlots: reading {Data/I1_re_LL_2.csv}
Package pgfplots info on input line 321: Using 'lua backend=false' for plot 2 (t
ype 'pgfplothandlerdiscard'): point meta choice does not support LUA.
PGFPlots: reading {Data/I1_re_LL_3.csv}
Package pgfplots info on input line 332: Using 'lua backend=false' for plot 0 (t
ype 'pgfplothandlerdiscard'): point meta choice does not support LUA.
Package pgfplots info on input line 332: Using 'lua backend=false' for plot 0 (t
ype 'pgfplothandlerdiscard'): LUA does not support x filter (yet).
PGFPlots: reading {Data/I1_im_LL.csv}
Package pgfplots info on input line 333: Using 'lua backend=false' for plot 1 (t
ype 'pgfplothandlerdiscard'): point meta choice does not support LUA.
PGFPlots: reading {Data/I1_im_LL_2.csv}
Package pgfplots info on input line 334: Using 'lua backend=false' for plot 2 (t
ype 'pgfplothandlerdiscard'): point meta choice does not support LUA.
PGFPlots: reading {Data/I1_im_LL_3.csv}
Package pgfplots info on input line 345: Using 'lua backend=false' for plot 0 (t
ype 'pgfplothandlerdiscard'): point meta choice does not support LUA.
Package pgfplots info on input line 345: Using 'lua backend=false' for plot 0 (t
ype 'pgfplothandlerdiscard'): LUA does not support x filter (yet).
PGFPlots: reading {Data/I2_re_LL.csv}
Package pgfplots info on input line 346: Using 'lua backend=false' for plot 1 (t
ype 'pgfplothandlerdiscard'): point meta choice does not support LUA.
PGFPlots: reading {Data/I2_re_LL_3.csv}
Package pgfplots info on input line 347: Using 'lua backend=false' for plot 2 (t
ype 'pgfplothandlerdiscard'): point meta choice does not support LUA.
PGFPlots: reading {Data/I2_re_LL_2.csv}
Package pgfplots info on input line 357: Using 'lua backend=false' for plot 0 (t
ype 'pgfplothandlerdiscard'): point meta choice does not support LUA.
Package pgfplots info on input line 357: Using 'lua backend=false' for plot 0 (t
ype 'pgfplothandlerdiscard'): LUA does not support x filter (yet).
PGFPlots: reading {Data/I2_im_LL.csv}
Package pgfplots info on input line 358: Using 'lua backend=false' for plot 1 (t
ype 'pgfplothandlerdiscard'): point meta choice does not support LUA.
PGFPlots: reading {Data/I2_im_LL_3.csv}
Package pgfplots info on input line 359: Using 'lua backend=false' for plot 2 (t
ype 'pgfplothandlerdiscard'): point meta choice does not support LUA.
PGFPlots: reading {Data/I2_im_LL_2.csv}
Package pgfplots info on input line 374: Using 'lua backend=false' for plot 0 (t
ype 'pgfplothandlerdiscard'): point meta choice does not support LUA.
Package pgfplots info on input line 374: Using 'lua backend=false' for plot 0 (t
ype 'pgfplothandlerdiscard'): LUA does not support x filter (yet).
PGFPlots: reading {Data/I1_re_LLG.csv}
Package pgfplots info on input line 375: Using 'lua backend=false' for plot 1 (t
ype 'pgfplothandlerdiscard'): point meta choice does not support LUA.
PGFPlots: reading {Data/I1_re_LLG_2.csv}
Package pgfplots info on input line 376: Using 'lua backend=false' for plot 2 (t
ype 'pgfplothandlerdiscard'): point meta choice does not support LUA.
PGFPlots: reading {Data/I1_re_LLG_3.csv}
Package pgfplots info on input line 387: Using 'lua backend=false' for plot 0 (t
ype 'pgfplothandlerdiscard'): point meta choice does not support LUA.
Package pgfplots info on input line 387: Using 'lua backend=false' for plot 0 (t
ype 'pgfplothandlerdiscard'): LUA does not support x filter (yet).
PGFPlots: reading {Data/I1_im_LLG.csv}
Package pgfplots info on input line 388: Using 'lua backend=false' for plot 1 (t
ype 'pgfplothandlerdiscard'): point meta choice does not support LUA.
PGFPlots: reading {Data/I1_im_LLG_2.csv}
Package pgfplots info on input line 389: Using 'lua backend=false' for plot 2 (t
ype 'pgfplothandlerdiscard'): point meta choice does not support LUA.
PGFPlots: reading {Data/I1_im_LLG_3.csv}
Package pgfplots info on input line 400: Using 'lua backend=false' for plot 0 (t
ype 'pgfplothandlerdiscard'): point meta choice does not support LUA.
Package pgfplots info on input line 400: Using 'lua backend=false' for plot 0 (t
ype 'pgfplothandlerdiscard'): LUA does not support x filter (yet).
PGFPlots: reading {Data/I2_re_LLG.csv}
Package pgfplots info on input line 401: Using 'lua backend=false' for plot 1 (t
ype 'pgfplothandlerdiscard'): point meta choice does not support LUA.
PGFPlots: reading {Data/I2_re_LLG_3.csv}
Package pgfplots info on input line 402: Using 'lua backend=false' for plot 2 (t
ype 'pgfplothandlerdiscard'): point meta choice does not support LUA.
PGFPlots: reading {Data/I2_re_LLG_2.csv}
Package pgfplots info on input line 412: Using 'lua backend=false' for plot 0 (t
ype 'pgfplothandlerdiscard'): point meta choice does not support LUA.
Package pgfplots info on input line 412: Using 'lua backend=false' for plot 0 (t
ype 'pgfplothandlerdiscard'): LUA does not support x filter (yet).
PGFPlots: reading {Data/I2_im_LLG.csv}
Package pgfplots info on input line 413: Using 'lua backend=false' for plot 1 (t
ype 'pgfplothandlerdiscard'): point meta choice does not support LUA.
PGFPlots: reading {Data/I2_im_LLG_3.csv}
Package pgfplots info on input line 414: Using 'lua backend=false' for plot 2 (t
ype 'pgfplothandlerdiscard'): point meta choice does not support LUA.
PGFPlots: reading {Data/I2_im_LLG_2.csv}
 [5
Missing character: There is no ; (U+003B) in font nullfont!
] [6
Missing character: There is no ; (U+003B) in font nullfont!
] [7
Missing character: There is no ; (U+003B) in font nullfont!
]
\realshift=\dimen332
\realshift=\dimen333
\realshift=\dimen334
\realshift=\dimen335
\realshift=\dimen336
\realshift=\dimen337
\absvshift=\dimen338
\absvshift=\dimen339
\absvshift=\dimen340
\realshift=\dimen341
\realshift=\dimen342
\realshift=\dimen343
\realshift=\dimen344
\realshift=\dimen345
\realshift=\dimen346
\realshift=\dimen347
\realshift=\dimen348
\realshift=\dimen349
\absvshift=\dimen350
\absvshift=\dimen351
\absvshift=\dimen352
\realshift=\dimen353
\realshift=\dimen354
\realshift=\dimen355
\realshift=\dimen356
\realshift=\dimen357
\realshift=\dimen358
\realshift=\dimen359
\absvshift=\dimen360
\absvshift=\dimen361
\absvshift=\dimen362
\realshift=\dimen363
\realshift=\dimen364
\realshift=\dimen365
\realshift=\dimen366
\realshift=\dimen367
\realshift=\dimen368
\realshift=\dimen369
\absvshift=\dimen370
\absvshift=\dimen371
\absvshift=\dimen372
\realshift=\dimen373
 [8] [9]
\realshift=\dimen374
\realshift=\dimen375
\realshift=\dimen376
\absvshift=\dimen377
\realshift=\dimen378
\realshift=\dimen379
\realshift=\dimen380
\absvshift=\dimen381
\realshift=\dimen382
\realshift=\dimen383
\absvshift=\dimen384
\realshift=\dimen385
\realshift=\dimen386
\realshift=\dimen387
\realshift=\dimen388
\realshift=\dimen389
\realshift=\dimen390
\absvshift=\dimen391
\realshift=\dimen392
\realshift=\dimen393
\realshift=\dimen394
\absvshift=\dimen395
\realshift=\dimen396
\realshift=\dimen397
\absvshift=\dimen398
\realshift=\dimen399
\realshift=\dimen400
\realshift=\dimen401
\realshift=\dimen402
\absvshift=\dimen403
\realshift=\dimen404
\realshift=\dimen405
\realshift=\dimen406
\absvshift=\dimen407
\realshift=\dimen408
\realshift=\dimen409
\realshift=\dimen410
\realshift=\dimen411
\absvshift=\dimen412
\realshift=\dimen413
\realshift=\dimen414
\realshift=\dimen415
\absvshift=\dimen416
\realshift=\dimen417
\realshift=\dimen418
\absvshift=\dimen419
\realshift=\dimen420
 [10

] [11] [12

] [13]

LaTeX Warning: Empty bibliography on input line 893.

(./Reasoning.aux)

LaTeX Warning: There were undefined references.


LaTeX Warning: There were multiply-defined labels.


Package biblatex Warning: Please (re)run Biber on the file:
(biblatex)                Reasoning
(biblatex)                and rerun LaTeX afterwards.

Package logreq Info: Writing requests to 'Reasoning.run.xml'.

\openout1 = Reasoning.run.xml
)

Here is how much of LuaTeX's memory you used:
 57400 strings out of 479005
 26471900,75830065 words of node,token memory allocated
 658 words of node memory still in use:
   7 hlist, 2 vlist, 2 rule, 2 glue, 4 kern, 1 glyph, 29 attribute, 66 glue_spec
, 29 attribute_list, 2 write nodes
   avail lists: 1:12,2:5620629,3:3431809,4:170,5:722,6:33,7:319520,8:62,9:4272,1
0:18,11:737
 75349 multiletter control sequences out of 65536+200000
 87 fonts using 7663651 bytes
 108i,21n,127p,958b,2576s stack positions out of 5000i,500n,10000p,200000b,50000s
<//?/c:/program files/miktex 2.9/fonts/opentype/public/lm/lmroman8-regular.otf><
//?/c:/program files/miktex 2.9/fonts/opentype/public/lm/lmroman10-bold.otf><//?
/c:/program files/miktex 2.9/fonts/opentype/public/lm/lmroman10-regular.otf><//?
/c:/program files/miktex 2.9/fonts/opentype/public/lm/lmroman12-bold.otf><C:/Pro
gram Files/MiKTeX 2.9/fonts/type1/public/amsfonts/cm/cmex10.pfb><C:/Program File
s/MiKTeX 2.9/fonts/type1/public/amsfonts/cm/cmmi10.pfb><C:/Program Files/MiKTeX 
2.9/fonts/type1/public/amsfonts/cm/cmmi12.pfb><C:/Program Files/MiKTeX 2.9/fonts
/type1/public/amsfonts/cm/cmmi6.pfb><C:/Program Files/MiKTeX 2.9/fonts/type1/pub
lic/amsfonts/cm/cmmi7.pfb><C:/Program Files/MiKTeX 2.9/fonts/type1/public/amsfon
ts/cm/cmmi8.pfb><C:/Program Files/MiKTeX 2.9/fonts/type1/public/amsfonts/cm/cmr1
0.pfb><C:/Program Files/MiKTeX 2.9/fonts/type1/public/amsfonts/cm/cmr12.pfb><C:/
Program Files/MiKTeX 2.9/fonts/type1/public/amsfonts/cm/cmr5.pfb><C:/Program Fil
es/MiKTeX 2.9/fonts/type1/public/amsfonts/cm/cmr6.pfb><C:/Program Files/MiKTeX 2
.9/fonts/type1/public/amsfonts/cm/cmr7.pfb><C:/Program Files/MiKTeX 2.9/fonts/ty
pe1/public/amsfonts/cm/cmr8.pfb><C:/Program Files/MiKTeX 2.9/fonts/type1/public/
amsfonts/cm/cmsy10.pfb><C:/Program Files/MiKTeX 2.9/fonts/type1/public/amsfonts/
cm/cmsy5.pfb><C:/Program Files/MiKTeX 2.9/fonts/type1/public/amsfonts/cm/cmsy6.p
fb><C:/Program Files/MiKTeX 2.9/fonts/type1/public/amsfonts/cm/cmsy7.pfb><C:/Pro
gram Files/MiKTeX 2.9/fonts/type1/public/amsfonts/cm/cmsy8.pfb><C:/Program Files
/MiKTeX 2.9/fonts/type1/public/amsfonts/symbols/msbm10.pfb>
Output written on Reasoning.pdf (13 pages, 24563563 bytes).

PDF statistics: 147 PDF objects out of 1000 (max. 8388607)
 0 named destinations out of 1000 (max. 131072)
 16 words of extra memory for PDF output out of 10000 (max. 100000000)

