This is LuaHBTeX, Version 1.12.0 (MiKTeX 20.11) (format=lualatex 2020.11.27)  13 MAR 2021 22:28
 restricted system commands enabled.
 file:line:error style messages enabled.
**"c:/Users/JOSEP/Desktop/CITCEA/VSC faults/Escrit 7 - more analysis/Main"
("c:/Users/JOSEP/Desktop/CITCEA/VSC faults/Escrit 7 - more analysis/Main.tex"
LaTeX2e <2020-10-01> patch level 2
Lua module: luaotfload-main 2020-09-02 3.15 luaotfload entry point
Lua module: luaotfload-init 2020-09-02 3.15 luaotfload submodule / initializatio
n
Lua module: lualibs 2020-08-31 2.72 ConTeXt Lua standard libraries.
Lua module: lualibs-extended 2020-08-31 2.72 ConTeXt Lua libraries -- extended c
ollection.
Lua module: luaotfload-log 2020-09-02 3.15 luaotfload submodule / logging
Lua module: luaotfload-parsers 2020-09-02 3.15 luaotfload submodule / parsers
Lua module: luaotfload-configuration 2020-09-02 3.15 luaotfload submodule / conf
ig file reader
luaotfload | conf : Root cache directory is "C:/Users/JOSEP/AppData/Local/MiKTeX
/2.9/luatex-cache/generic/names".
luaotfload | init : Loading fontloader "fontloader-2020-08-31.lua" from kpse-res
olved path "C:/Program Files/MiKTeX 2.9/tex/luatex/luaotfload/fontloader-2020-08
-31.lua".
Lua-only attribute luaotfload@noligature = 1
Lua-only attribute luaotfload@syllabe = 2
luaotfload | init : Context OpenType loader version 0x1.8e353f7ced917p+1
Lua module: luaotfload-fallback 2020-09-02 3.15 luaotfload submodule / fallback
Lua module: luaotfload-multiscript 2020-09-02 3.15 luaotfload submodule / multis
cript
Lua module: luaotfload-script 2020-09-02 3.15 luaotfload submodule / Script help
ers
Inserting `luaotfload.node_processor' at position 1 in `pre_linebreak_filter'.
Inserting `luaotfload.node_processor' at position 1 in `hpack_filter'.
Inserting `luaotfload.glyph_stream' at position 1 in `glyph_stream_provider'.
Lua module: luaotfload-loaders 2020-09-02 3.15 luaotfload submodule / callback h
andling
Inserting `luaotfload.define_font' at position 1 in `define_font'.
Lua module: luaotfload-database 2020-09-02 3.15 luaotfload submodule / database
Lua module: luaotfload-unicode 2020-09-02 3.15 luaotfload submodule / Unicode he
lpers
Lua module: luaotfload-colors 2020-09-02 3.15 luaotfload submodule / color
Lua-only attribute luaotfload_color_attribute = 3
Lua module: luaotfload-resolvers 2020-09-02 3.15 luaotfload submodule / resolver
s
luaotfload | conf : Root cache directory is "C:/Users/JOSEP/AppData/Local/MiKTeX
/2.9/luatex-cache/generic/names".
Lua module: luaotfload-features 2020-09-02 3.15 luaotfload submodule / features
Lua module: luaotfload-harf-define 2020-09-02 3.15 luaotfload submodule / HarfBu
zz font loading
Inserting `luaotfload.harf.strip_prefix' at position 1 in `find_opentype_file'.
Inserting `luaotfload.harf.strip_prefix' at position 1 in `find_truetype_file'.
Lua module: luaotfload-harf-plug 2020-09-02 3.15 luaotfload submodule / HarfBuzz
 shaping
Inserting `Harf pre_output_filter callback' at position 1 in `pre_output_filter'
.
Inserting `Harf wrapup_run callback' at position 1 in `wrapup_run'.
Inserting `Harf finish_pdffile callback' at position 1 in `finish_pdffile'.
Inserting `Harf glyph_info callback' at position 1 in `glyph_info'.
Lua module: luaotfload-letterspace 2020-09-02 3.15 luaotfload submodule / letter
spacing
Lua module: luaotfload-embolden 2020-09-02 3.15 luaotfload submodule / embolden
Lua module: luaotfload-notdef 2020-09-02 3.15 luaotfload submodule / notdef
Lua module: luaotfload-suppress 2020-09-02 3.15 luaotfload submodule / suppress
Lua module: luaotfload-szss 2020-09-02 3.15 luaotfload submodule / Special featu
re handling
Lua module: luaotfload-auxiliary 2020-09-02 3.15 luaotfload submodule / auxiliar
y functions
Inserting `luaotfload.aux.set_sscale_dimens' at position 1 in `luaotfload.patch_
font'.
Inserting `luaotfload.aux.set_font_index' at position 2 in `luaotfload.patch_fon
t'.
Inserting `luaotfload.aux.patch_cambria_domh' at position 3 in `luaotfload.patch
_font'.
Inserting `luaotfload.aux.fixup_fontdata' at position 1 in `luaotfload.patch_fon
t_unsafe'.
Inserting `luaotfload.aux.set_capheight' at position 4 in `luaotfload.patch_font
'.
Inserting `luaotfload.aux.set_xheight' at position 5 in `luaotfload.patch_font'.
Lua module: luaotfload-tounicode 2020-09-02 3.15 luaotfload submodule / tounicod
e
Inserting `luaotfload.rewrite_fontname' at position 6 in `luaotfload.patch_font'
. L3 programming layer <2020-10-27> xparse <2020-03-03>
("C:/Program Files/MiKTeX 2.9/tex/latex/base/article.cls"
Document Class: article 2020/04/10 v1.4m Standard LaTeX document class
("C:/Program Files/MiKTeX 2.9/tex/latex/base/size10.clo"
File: size10.clo 2020/04/10 v1.4m Standard LaTeX file (size option)
luaotfload | db : Font names database loaded from C:/Users/JOSEP/AppData/Local/M
iKTeX/2.9/luatex-cache/generic/names/luaotfload-names.luc)
\c@part=\count171
\c@section=\count172
\c@subsection=\count173
\c@subsubsection=\count174
\c@paragraph=\count175
\c@subparagraph=\count176
\c@figure=\count177
\c@table=\count178
\abovecaptionskip=\skip47
\belowcaptionskip=\skip48
\bibindent=\dimen138
)
(C:/Users/JOSEP/AppData/Roaming/MiKTeX/2.9/tex/latex/geometry/geometry.sty
Package: geometry 2020/01/02 v5.9 Page Geometry

("C:/Program Files/MiKTeX 2.9/tex/latex/graphics/keyval.sty"
Package: keyval 2014/10/28 v1.15 key=value parser (DPC)
\KV@toks@=\toks15
)
("C:/Program Files/MiKTeX 2.9/tex/generic/iftex/ifvtex.sty"
Package: ifvtex 2019/10/25 v1.7 ifvtex legacy package. Use iftex instead.

("C:/Program Files/MiKTeX 2.9/tex/generic/iftex/iftex.sty"
Package: iftex 2020/03/06 v1.0d TeX engine tests
))
\Gm@cnth=\count179
\Gm@cntv=\count180
\c@Gm@tempcnt=\count181
\Gm@bindingoffset=\dimen139
\Gm@wd@mp=\dimen140
\Gm@odd@mp=\dimen141
\Gm@even@mp=\dimen142
\Gm@layoutwidth=\dimen143
\Gm@layoutheight=\dimen144
\Gm@layouthoffset=\dimen145
\Gm@layoutvoffset=\dimen146
\Gm@dimlist=\toks16

(C:/Users/JOSEP/AppData/Roaming/MiKTeX/2.9/tex/latex/geometry/geometry.cfg))
("C:/Program Files/MiKTeX 2.9/tex/latex/biblatex/biblatex.sty"
Package: biblatex 2020/08/23 v3.15a programmable bibliographies (PK/MW)

(C:/Users/JOSEP/AppData/Roaming/MiKTeX/2.9/tex/latex/pdftexcmds/pdftexcmds.sty
Package: pdftexcmds 2019/11/24 v0.31 Utility functions of pdfTeX for LuaTeX (HO)


(C:/Users/JOSEP/AppData/Roaming/MiKTeX/2.9/tex/generic/infwarerr/infwarerr.sty
Package: infwarerr 2019/12/03 v1.5 Providing info/warning/error messages (HO)
) (C:/Users/JOSEP/AppData/Roaming/MiKTeX/2.9/tex/generic/ltxcmds/ltxcmds.sty
Package: ltxcmds 2020-05-10 v1.25 LaTeX kernel commands for general use (HO)
)
Package pdftexcmds Info: \pdf@primitive is available.
Package pdftexcmds Info: \pdf@ifprimitive is available.
Package pdftexcmds Info: \pdfdraftmode found.
\pdftexcmds@toks=\toks17
)
("C:/Program Files/MiKTeX 2.9/tex/latex/etoolbox/etoolbox.sty"
Package: etoolbox 2020/10/05 v2.5k e-TeX tools for LaTeX (JAW)
\etb@tempcnta=\count182
)
(C:/Users/JOSEP/AppData/Roaming/MiKTeX/2.9/tex/latex/kvoptions/kvoptions.sty
Package: kvoptions 2020-10-07 v3.14 Key value format for package options (HO)

(C:/Users/JOSEP/AppData/Roaming/MiKTeX/2.9/tex/generic/kvsetkeys/kvsetkeys.sty
Package: kvsetkeys 2019/12/15 v1.18 Key value parser (HO)
)) (C:/Users/JOSEP/AppData/Roaming/MiKTeX/2.9/tex/latex/logreq/logreq.sty
Package: logreq 2010/08/04 v1.0 xml request logger
\lrq@indent=\count183

(C:/Users/JOSEP/AppData/Roaming/MiKTeX/2.9/tex/latex/logreq/logreq.def
File: logreq.def 2010/08/04 v1.0 logreq spec v1.0
))
("C:/Program Files/MiKTeX 2.9/tex/latex/base/ifthen.sty"
Package: ifthen 2014/09/29 v1.1c Standard LaTeX ifthen package (DPC)
)
("C:/Program Files/MiKTeX 2.9/tex/latex/url/url.sty"
\Urlmuskip=\muskip16
Package: url 2013/09/16  ver 3.4  Verb mode for urls, etc.
)
\c@tabx@nest=\count184
\c@listtotal=\count185
\c@listcount=\count186
\c@liststart=\count187
\c@liststop=\count188
\c@citecount=\count189
\c@citetotal=\count190
\c@multicitecount=\count191
\c@multicitetotal=\count192
\c@instcount=\count193
\c@maxnames=\count194
\c@minnames=\count195
\c@maxitems=\count196
\c@minitems=\count197
\c@citecounter=\count198
\c@maxcitecounter=\count199
\c@savedcitecounter=\count266
\c@uniquelist=\count267
\c@uniquename=\count268
\c@refsection=\count269
\c@refsegment=\count270
\c@maxextratitle=\count271
\c@maxextratitleyear=\count272
\c@maxextraname=\count273
\c@maxextradate=\count274
\c@maxextraalpha=\count275
\c@abbrvpenalty=\count276
\c@highnamepenalty=\count277
\c@lownamepenalty=\count278
\c@maxparens=\count279
\c@parenlevel=\count280
\blx@tempcnta=\count281
\blx@tempcntb=\count282
\blx@tempcntc=\count283
\blx@maxsection=\count284
\blx@maxsegment@0=\count285
\blx@notetype=\count286
\blx@parenlevel@text=\count287
\blx@parenlevel@foot=\count288
\blx@sectionciteorder@0=\count289
\blx@entrysetcounter=\count290
\blx@biblioinstance=\count291
\labelnumberwidth=\skip49
\labelalphawidth=\skip50
\biblabelsep=\skip51
\bibitemsep=\skip52
\bibnamesep=\skip53
\bibinitsep=\skip54
\bibparsep=\skip55
\bibhang=\skip56
\blx@bcfin=\read2
\blx@bcfout=\write3
\blx@langwohyphens=\language2
\c@mincomprange=\count292
\c@maxcomprange=\count293
\c@mincompwidth=\count294
Package biblatex Info: Trying to load biblatex default data model...
Package biblatex Info: ... file 'blx-dm.def' found.

("C:/Program Files/MiKTeX 2.9/tex/latex/biblatex/blx-dm.def"
File: blx-dm.def 2020/08/23 v3.15a biblatex localization (PK/MW)
)
Package biblatex Info: Trying to load biblatex custom data model...
Package biblatex Info: ... file 'biblatex-dm.cfg' not found.
\c@afterword=\count295
\c@savedafterword=\count296
\c@annotator=\count297
\c@savedannotator=\count298
\c@author=\count299
\c@savedauthor=\count300
\c@bookauthor=\count301
\c@savedbookauthor=\count302
\c@commentator=\count303
\c@savedcommentator=\count304
\c@editor=\count305
\c@savededitor=\count306
\c@editora=\count307
\c@savededitora=\count308
\c@editorb=\count309
\c@savededitorb=\count310
\c@editorc=\count311
\c@savededitorc=\count312
\c@foreword=\count313
\c@savedforeword=\count314
\c@holder=\count315
\c@savedholder=\count316
\c@introduction=\count317
\c@savedintroduction=\count318
\c@namea=\count319
\c@savednamea=\count320
\c@nameb=\count321
\c@savednameb=\count322
\c@namec=\count323
\c@savednamec=\count324
\c@translator=\count325
\c@savedtranslator=\count326
\c@shortauthor=\count327
\c@savedshortauthor=\count328
\c@shorteditor=\count329
\c@savedshorteditor=\count330
\c@labelname=\count331
\c@savedlabelname=\count332
\c@institution=\count333
\c@savedinstitution=\count334
\c@lista=\count335
\c@savedlista=\count336
\c@listb=\count337
\c@savedlistb=\count338
\c@listc=\count339
\c@savedlistc=\count340
\c@listd=\count341
\c@savedlistd=\count342
\c@liste=\count343
\c@savedliste=\count344
\c@listf=\count345
\c@savedlistf=\count346
\c@location=\count347
\c@savedlocation=\count348
\c@organization=\count349
\c@savedorganization=\count350
\c@origlocation=\count351
\c@savedoriglocation=\count352
\c@origpublisher=\count353
\c@savedorigpublisher=\count354
\c@publisher=\count355
\c@savedpublisher=\count356
\c@language=\count357
\c@savedlanguage=\count358
\c@origlanguage=\count359
\c@savedoriglanguage=\count360
\c@pageref=\count361
\c@savedpageref=\count362
\shorthandwidth=\skip57
\shortjournalwidth=\skip58
\shortserieswidth=\skip59
\shorttitlewidth=\skip60
\shortauthorwidth=\skip61
\shorteditorwidth=\skip62
\locallabelnumberwidth=\skip63
\locallabelalphawidth=\skip64
\localshorthandwidth=\skip65
\localshortjournalwidth=\skip66
\localshortserieswidth=\skip67
\localshorttitlewidth=\skip68
\localshortauthorwidth=\skip69
\localshorteditorwidth=\skip70
Package biblatex Info: Trying to load enhanced support for Unicode engines...
Package biblatex Info: ... file 'blx-unicode.def' found.

("C:/Program Files/MiKTeX 2.9/tex/latex/biblatex/blx-unicode.def")
Package biblatex Info: Trying to load compatibility code...
Package biblatex Info: ... file 'blx-compat.def' found.

("C:/Program Files/MiKTeX 2.9/tex/latex/biblatex/blx-compat.def"
File: blx-compat.def 2020/08/23 v3.15a biblatex compatibility (PK/MW)
)
("C:/Program Files/MiKTeX 2.9/tex/latex/l3kernel/expl3.sty"
Package: expl3 2020-10-27 L3 programming layer (loader) 

("C:/Program Files/MiKTeX 2.9/tex/latex/l3backend/l3backend-luatex.def"
File: l3backend-luatex.def 2020-09-24 L3 backend support: PDF output (LuaTeX)
\l__kernel_color_stack_int=\count363
\l__pdf_internal_box=\box47
))
Package biblatex Info: expl3
(biblatex)             2020-10-27 L3 programming layer (loader) 
(biblatex)             is new enough (at least 2020/04/06),
(biblatex)             setting 'casechanger=expl3'.
Package biblatex Info: Trying to load expl3 case changing code...
Package biblatex Info: ... file 'blx-case-expl3.def' found.

("C:/Program Files/MiKTeX 2.9/tex/latex/biblatex/blx-case-expl3.def"
("C:/Program Files/MiKTeX 2.9/tex/latex/l3packages/xparse/xparse.sty"
Package: xparse 2020-10-27 L3 Experimental document command parser

("C:/Program Files/MiKTeX 2.9/tex/latex/l3packages/xparse/xparse-generic.tex"))
File: blx-case-expl3 2020/08/23 v3.15a expl3 case changing code for biblatex
)
Package biblatex Info: Trying to load generic definitions...
Package biblatex Info: ... file 'biblatex.def' found.
 ("C:/Program Files/MiKTeX 2.9/tex/latex/biblatex/biblatex.def"
File: biblatex.def 2020/08/23 v3.15a biblatex compatibility (PK/MW)
\c@textcitecount=\count364
\c@textcitetotal=\count365
\c@textcitemaxnames=\count366
\c@biburlbigbreakpenalty=\count367
\c@biburlbreakpenalty=\count368
\c@biburlnumpenalty=\count369
\c@biburlucpenalty=\count370
\c@biburllcpenalty=\count371
\biburlbigskip=\muskip17
\biburlnumskip=\muskip18
\biburlucskip=\muskip19
\biburllcskip=\muskip20
\c@smartand=\count372
)
Package biblatex Info: Trying to load bibliography style 'numeric'...
Package biblatex Info: ... file 'numeric.bbx' found.

("C:/Program Files/MiKTeX 2.9/tex/latex/biblatex/bbx/numeric.bbx"
File: numeric.bbx 2020/08/23 v3.15a biblatex bibliography style (PK/MW)
Package biblatex Info: Trying to load bibliography style 'standard'...
Package biblatex Info: ... file 'standard.bbx' found.

("C:/Program Files/MiKTeX 2.9/tex/latex/biblatex/bbx/standard.bbx"
File: standard.bbx 2020/08/23 v3.15a biblatex bibliography style (PK/MW)
\c@bbx:relatedcount=\count373
\c@bbx:relatedtotal=\count374
))
Package biblatex Info: Trying to load citation style 'numeric'...
Package biblatex Info: ... file 'numeric.cbx' found.

("C:/Program Files/MiKTeX 2.9/tex/latex/biblatex/cbx/numeric.cbx"
File: numeric.cbx 2020/08/23 v3.15a biblatex citation style (PK/MW)
Package biblatex Info: Redefining '\cite'.
Package biblatex Info: Redefining '\parencite'.
Package biblatex Info: Redefining '\footcite'.
Package biblatex Info: Redefining '\footcitetext'.
Package biblatex Info: Redefining '\smartcite'.
Package biblatex Info: Redefining '\supercite'.
Package biblatex Info: Redefining '\textcite'.
Package biblatex Info: Redefining '\textcites'.
Package biblatex Info: Redefining '\cites'.
Package biblatex Info: Redefining '\parencites'.
Package biblatex Info: Redefining '\smartcites'.
)
Package biblatex Info: Trying to load configuration file...
Package biblatex Info: ... file 'biblatex.cfg' found.

("C:/Program Files/MiKTeX 2.9/tex/latex/biblatex/biblatex.cfg"
File: biblatex.cfg 
))
("C:/Program Files/MiKTeX 2.9/tex/latex/tools/bm.sty"
Package: bm 2019/07/24 v1.2d Bold Symbol Support (DPC/FMi)
\symboldoperators=\mathgroup4
\symboldletters=\mathgroup5
\symboldsymbols=\mathgroup6
LaTeX Font Info:    Redeclaring math alphabet \mathbf on input line 141.
LaTeX Info: Redefining \bm on input line 209.
)
("C:/Program Files/MiKTeX 2.9/tex/latex/amsmath/amsmath.sty"
Package: amsmath 2020/09/23 v2.17i AMS math features
\@mathmargin=\skip71

For additional information on amsmath, use the `?' option.
("C:/Program Files/MiKTeX 2.9/tex/latex/amsmath/amstext.sty"
Package: amstext 2000/06/29 v2.01 AMS text

("C:/Program Files/MiKTeX 2.9/tex/latex/amsmath/amsgen.sty"
File: amsgen.sty 1999/11/30 v2.0 generic functions
\@emptytoks=\toks18
\ex@=\dimen147
))
("C:/Program Files/MiKTeX 2.9/tex/latex/amsmath/amsbsy.sty"
Package: amsbsy 1999/11/29 v1.2d Bold Symbols
LaTeX Info: Redefining \boldsymbol on input line 28.
\pmbraise@=\dimen148
)
("C:/Program Files/MiKTeX 2.9/tex/latex/amsmath/amsopn.sty"
Package: amsopn 2016/03/08 v2.02 operator names
)
\inf@bad=\count375
LaTeX Info: Redefining \frac on input line 236.
\uproot@=\count376
\leftroot@=\count377
LaTeX Info: Redefining \overline on input line 399.
\classnum@=\count378
\DOTSCASE@=\count379
LaTeX Info: Redefining \ldots on input line 496.
LaTeX Info: Redefining \dots on input line 499.
LaTeX Info: Redefining \cdots on input line 620.
\Mathstrutbox@=\box48
\strutbox@=\box49
\big@size=\dimen149
LaTeX Font Info:    Redeclaring font encoding OML on input line 743.
LaTeX Font Info:    Redeclaring font encoding OMS on input line 744.
\macc@depth=\count380
\c@MaxMatrixCols=\count381
\dotsspace@=\muskip21
\c@parentequation=\count382
\dspbrk@lvl=\count383
\tag@help=\toks19
\row@=\count384
\column@=\count385
\maxfields@=\count386
\andhelp@=\toks20
\eqnshift@=\dimen150
\alignsep@=\dimen151
\tagshift@=\dimen152
\tagwidth@=\dimen153
\totwidth@=\dimen154
\lineht@=\dimen155
\@envbody=\toks21
\multlinegap=\skip72
\multlinetaggap=\skip73
\mathdisplay@stack=\toks22
LaTeX Info: Redefining \[ on input line 2923.
LaTeX Info: Redefining \] on input line 2924.
)
("C:/Program Files/MiKTeX 2.9/tex/latex/microtype/microtype.sty"
Package: microtype 2019/11/18 v2.7d Micro-typographical refinements (RS)
\MT@toks=\toks23
\MT@count=\count387
LaTeX Info: Redefining \textls on input line 790.
\MT@outer@kern=\dimen156
LaTeX Info: Redefining \textmicrotypecontext on input line 1354.
\MT@listname@count=\count388

("C:/Program Files/MiKTeX 2.9/tex/latex/microtype/microtype-luatex.def"
File: microtype-luatex.def 2019/11/18 v2.7d Definitions specific to luatex (RS)
Module microtype Info: overwriting function `keepligature' on input line 59
LaTeX Info: Redefining \lsstyle on input line 695.
LaTeX Info: Redefining \lslig on input line 695.
\MT@outer@space=\skip74
)
Package microtype Info: Loading configuration file microtype.cfg.

("C:/Program Files/MiKTeX 2.9/tex/latex/microtype/microtype.cfg"
File: microtype.cfg 2019/11/18 v2.7d microtype main configuration file (RS)
)

Package microtype Warning: The protrusion set `noncompatibility' is undeclared.
(microtype)                Using set `alltext' instead.


Package microtype Warning: The expansion set `noncompatibility' is undeclared.
(microtype)                Using set `basictext' instead.

) ("C:/Program Files/MiKTeX 2.9/tex/latex/pgf/frontendlayer/tikz.sty"
("C:/Program Files/MiKTeX 2.9/tex/latex/pgf/basiclayer/pgf.sty"
("C:/Program Files/MiKTeX 2.9/tex/latex/pgf/utilities/pgfrcs.sty"
("C:/Program Files/MiKTeX 2.9/tex/generic/pgf/utilities/pgfutil-common.tex"
\pgfutil@everybye=\toks24
\pgfutil@tempdima=\dimen157
\pgfutil@tempdimb=\dimen158

("C:/Program Files/MiKTeX 2.9/tex/generic/pgf/utilities/pgfutil-common-lists.te
x")) ("C:/Program Files/MiKTeX 2.9/tex/generic/pgf/utilities/pgfutil-latex.def"
\pgfutil@abb=\box50
) ("C:/Program Files/MiKTeX 2.9/tex/generic/pgf/utilities/pgfrcs.code.tex"
("C:/Program Files/MiKTeX 2.9/tex/generic/pgf/pgf.revision.tex")
Package: pgfrcs 2020/10/01 v3.1.6a (3.1.6a)
))
Package: pgf 2020/10/01 v3.1.6a (3.1.6a)

("C:/Program Files/MiKTeX 2.9/tex/latex/pgf/basiclayer/pgfcore.sty"
("C:/Program Files/MiKTeX 2.9/tex/latex/graphics/graphicx.sty"
Package: graphicx 2020/09/09 v1.2b Enhanced LaTeX Graphics (DPC,SPQR)

("C:/Program Files/MiKTeX 2.9/tex/latex/graphics/graphics.sty"
Package: graphics 2020/08/30 v1.4c Standard LaTeX Graphics (DPC,SPQR)

("C:/Program Files/MiKTeX 2.9/tex/latex/graphics/trig.sty"
Package: trig 2016/01/03 v1.10 sin cos tan (DPC)
)
("C:/Program Files/MiKTeX 2.9/tex/latex/graphics-cfg/graphics.cfg"
File: graphics.cfg 2016/06/04 v1.11 sample graphics configuration
)
Package graphics Info: Driver file: luatex.def on input line 105.

("C:/Program Files/MiKTeX 2.9/tex/latex/graphics-def/luatex.def"
File: luatex.def 2020/10/05 v1.2a Graphics/color driver for luatex
))
\Gin@req@height=\dimen159
\Gin@req@width=\dimen160
)
("C:/Program Files/MiKTeX 2.9/tex/latex/pgf/systemlayer/pgfsys.sty"
("C:/Program Files/MiKTeX 2.9/tex/generic/pgf/systemlayer/pgfsys.code.tex"
Package: pgfsys 2020/10/01 v3.1.6a (3.1.6a)

("C:/Program Files/MiKTeX 2.9/tex/generic/pgf/utilities/pgfkeys.code.tex"
\pgfkeys@pathtoks=\toks25
\pgfkeys@temptoks=\toks26

("C:/Program Files/MiKTeX 2.9/tex/generic/pgf/utilities/pgfkeysfiltered.code.te
x"
\pgfkeys@tmptoks=\toks27
))
\pgf@x=\dimen161
\pgf@y=\dimen162
\pgf@xa=\dimen163
\pgf@ya=\dimen164
\pgf@xb=\dimen165
\pgf@yb=\dimen166
\pgf@xc=\dimen167
\pgf@yc=\dimen168
\pgf@xd=\dimen169
\pgf@yd=\dimen170
\w@pgf@writea=\write4
\r@pgf@reada=\read3
\c@pgf@counta=\count389
\c@pgf@countb=\count390
\c@pgf@countc=\count391
\c@pgf@countd=\count392
\t@pgf@toka=\toks28
\t@pgf@tokb=\toks29
\t@pgf@tokc=\toks30
\pgf@sys@id@count=\count393
 ("C:/Program Files/MiKTeX 2.9/tex/generic/pgf/systemlayer/pgf.cfg"
File: pgf.cfg 2020/10/01 v3.1.6a (3.1.6a)
)
Driver file for pgf: pgfsys-luatex.def

("C:/Program Files/MiKTeX 2.9/tex/generic/pgf/systemlayer/pgfsys-luatex.def"
File: pgfsys-luatex.def 2020/10/01 v3.1.6a (3.1.6a)

("C:/Program Files/MiKTeX 2.9/tex/generic/pgf/systemlayer/pgfsys-common-pdf.def
"
File: pgfsys-common-pdf.def 2020/10/01 v3.1.6a (3.1.6a)
)))
("C:/Program Files/MiKTeX 2.9/tex/generic/pgf/systemlayer/pgfsyssoftpath.code.t
ex"
File: pgfsyssoftpath.code.tex 2020/10/01 v3.1.6a (3.1.6a)
\pgfsyssoftpath@smallbuffer@items=\count394
\pgfsyssoftpath@bigbuffer@items=\count395
)
("C:/Program Files/MiKTeX 2.9/tex/generic/pgf/systemlayer/pgfsysprotocol.code.t
ex"
File: pgfsysprotocol.code.tex 2020/10/01 v3.1.6a (3.1.6a)
)) ("C:/Program Files/MiKTeX 2.9/tex/latex/xcolor/xcolor.sty"
Package: xcolor 2016/05/11 v2.12 LaTeX color extensions (UK)

("C:/Program Files/MiKTeX 2.9/tex/latex/graphics-cfg/color.cfg"
File: color.cfg 2016/01/02 v1.6 sample color configuration
)
Package xcolor Info: Driver file: luatex.def on input line 225.
Package xcolor Info: Model `cmy' substituted by `cmy0' on input line 1348.
Package xcolor Info: Model `hsb' substituted by `rgb' on input line 1352.
Package xcolor Info: Model `RGB' extended on input line 1364.
Package xcolor Info: Model `HTML' substituted by `rgb' on input line 1366.
Package xcolor Info: Model `Hsb' substituted by `hsb' on input line 1367.
Package xcolor Info: Model `tHsb' substituted by `hsb' on input line 1368.
Package xcolor Info: Model `HSB' substituted by `hsb' on input line 1369.
Package xcolor Info: Model `Gray' substituted by `gray' on input line 1370.
Package xcolor Info: Model `wave' substituted by `hsb' on input line 1371.
)
("C:/Program Files/MiKTeX 2.9/tex/generic/pgf/basiclayer/pgfcore.code.tex"
Package: pgfcore 2020/10/01 v3.1.6a (3.1.6a)

("C:/Program Files/MiKTeX 2.9/tex/generic/pgf/math/pgfmath.code.tex"
("C:/Program Files/MiKTeX 2.9/tex/generic/pgf/math/pgfmathcalc.code.tex"
("C:/Program Files/MiKTeX 2.9/tex/generic/pgf/math/pgfmathutil.code.tex")
("C:/Program Files/MiKTeX 2.9/tex/generic/pgf/math/pgfmathparser.code.tex"
\pgfmath@dimen=\dimen171
\pgfmath@count=\count396
\pgfmath@box=\box51
\pgfmath@toks=\toks31
\pgfmath@stack@operand=\toks32
\pgfmath@stack@operation=\toks33
)
("C:/Program Files/MiKTeX 2.9/tex/generic/pgf/math/pgfmathfunctions.code.tex"
("C:/Program Files/MiKTeX 2.9/tex/generic/pgf/math/pgfmathfunctions.basic.code.
tex")
("C:/Program Files/MiKTeX 2.9/tex/generic/pgf/math/pgfmathfunctions.trigonometr
ic.code.tex")
("C:/Program Files/MiKTeX 2.9/tex/generic/pgf/math/pgfmathfunctions.random.code
.tex")
("C:/Program Files/MiKTeX 2.9/tex/generic/pgf/math/pgfmathfunctions.comparison.
code.tex")
("C:/Program Files/MiKTeX 2.9/tex/generic/pgf/math/pgfmathfunctions.base.code.t
ex")
("C:/Program Files/MiKTeX 2.9/tex/generic/pgf/math/pgfmathfunctions.round.code.
tex")
("C:/Program Files/MiKTeX 2.9/tex/generic/pgf/math/pgfmathfunctions.misc.code.t
ex")
("C:/Program Files/MiKTeX 2.9/tex/generic/pgf/math/pgfmathfunctions.integerarit
hmetics.code.tex")))
("C:/Program Files/MiKTeX 2.9/tex/generic/pgf/math/pgfmathfloat.code.tex"
\c@pgfmathroundto@lastzeros=\count397
))
("C:/Program Files/MiKTeX 2.9/tex/generic/pgf/math/pgfint.code.tex")
("C:/Program Files/MiKTeX 2.9/tex/generic/pgf/basiclayer/pgfcorepoints.code.tex
"
File: pgfcorepoints.code.tex 2020/10/01 v3.1.6a (3.1.6a)
\pgf@picminx=\dimen172
\pgf@picmaxx=\dimen173
\pgf@picminy=\dimen174
\pgf@picmaxy=\dimen175
\pgf@pathminx=\dimen176
\pgf@pathmaxx=\dimen177
\pgf@pathminy=\dimen178
\pgf@pathmaxy=\dimen179
\pgf@xx=\dimen180
\pgf@xy=\dimen181
\pgf@yx=\dimen182
\pgf@yy=\dimen183
\pgf@zx=\dimen184
\pgf@zy=\dimen185
)
("C:/Program Files/MiKTeX 2.9/tex/generic/pgf/basiclayer/pgfcorepathconstruct.c
ode.tex"
File: pgfcorepathconstruct.code.tex 2020/10/01 v3.1.6a (3.1.6a)
\pgf@path@lastx=\dimen186
\pgf@path@lasty=\dimen187
)
("C:/Program Files/MiKTeX 2.9/tex/generic/pgf/basiclayer/pgfcorepathusage.code.
tex"
File: pgfcorepathusage.code.tex 2020/10/01 v3.1.6a (3.1.6a)
\pgf@shorten@end@additional=\dimen188
\pgf@shorten@start@additional=\dimen189
)
("C:/Program Files/MiKTeX 2.9/tex/generic/pgf/basiclayer/pgfcorescopes.code.tex
"
File: pgfcorescopes.code.tex 2020/10/01 v3.1.6a (3.1.6a)
\pgfpic=\box52
\pgf@hbox=\box53
\pgf@layerbox@main=\box54
\pgf@picture@serial@count=\count398
)
("C:/Program Files/MiKTeX 2.9/tex/generic/pgf/basiclayer/pgfcoregraphicstate.co
de.tex"
File: pgfcoregraphicstate.code.tex 2020/10/01 v3.1.6a (3.1.6a)
\pgflinewidth=\dimen190
)
("C:/Program Files/MiKTeX 2.9/tex/generic/pgf/basiclayer/pgfcoretransformations
.code.tex"
File: pgfcoretransformations.code.tex 2020/10/01 v3.1.6a (3.1.6a)
\pgf@pt@x=\dimen191
\pgf@pt@y=\dimen192
\pgf@pt@temp=\dimen193
)
("C:/Program Files/MiKTeX 2.9/tex/generic/pgf/basiclayer/pgfcorequick.code.tex"
File: pgfcorequick.code.tex 2020/10/01 v3.1.6a (3.1.6a)
)
("C:/Program Files/MiKTeX 2.9/tex/generic/pgf/basiclayer/pgfcoreobjects.code.te
x"
File: pgfcoreobjects.code.tex 2020/10/01 v3.1.6a (3.1.6a)
)
("C:/Program Files/MiKTeX 2.9/tex/generic/pgf/basiclayer/pgfcorepathprocessing.
code.tex"
File: pgfcorepathprocessing.code.tex 2020/10/01 v3.1.6a (3.1.6a)
)
("C:/Program Files/MiKTeX 2.9/tex/generic/pgf/basiclayer/pgfcorearrows.code.tex
"
File: pgfcorearrows.code.tex 2020/10/01 v3.1.6a (3.1.6a)
\pgfarrowsep=\dimen194
)
("C:/Program Files/MiKTeX 2.9/tex/generic/pgf/basiclayer/pgfcoreshade.code.tex"
File: pgfcoreshade.code.tex 2020/10/01 v3.1.6a (3.1.6a)
\pgf@max=\dimen195
\pgf@sys@shading@range@num=\count399
\pgf@shadingcount=\count400
) ("C:/Program Files/MiKTeX 2.9/tex/generic/pgf/basiclayer/pgfcoreimage.code.te
x"
File: pgfcoreimage.code.tex 2020/10/01 v3.1.6a (3.1.6a)

("C:/Program Files/MiKTeX 2.9/tex/generic/pgf/basiclayer/pgfcoreexternal.code.t
ex"
File: pgfcoreexternal.code.tex 2020/10/01 v3.1.6a (3.1.6a)
\pgfexternal@startupbox=\box55
))
("C:/Program Files/MiKTeX 2.9/tex/generic/pgf/basiclayer/pgfcorelayers.code.tex
"
File: pgfcorelayers.code.tex 2020/10/01 v3.1.6a (3.1.6a)
)
("C:/Program Files/MiKTeX 2.9/tex/generic/pgf/basiclayer/pgfcoretransparency.co
de.tex"
File: pgfcoretransparency.code.tex 2020/10/01 v3.1.6a (3.1.6a)
)
("C:/Program Files/MiKTeX 2.9/tex/generic/pgf/basiclayer/pgfcorepatterns.code.t
ex"
File: pgfcorepatterns.code.tex 2020/10/01 v3.1.6a (3.1.6a)
)
("C:/Program Files/MiKTeX 2.9/tex/generic/pgf/basiclayer/pgfcorerdf.code.tex"
File: pgfcorerdf.code.tex 2020/10/01 v3.1.6a (3.1.6a)
))) ("C:/Program Files/MiKTeX 2.9/tex/generic/pgf/modules/pgfmoduleshapes.code.
tex"
File: pgfmoduleshapes.code.tex 2020/10/01 v3.1.6a (3.1.6a)
\pgfnodeparttextbox=\box56
) ("C:/Program Files/MiKTeX 2.9/tex/generic/pgf/modules/pgfmoduleplot.code.tex"
File: pgfmoduleplot.code.tex 2020/10/01 v3.1.6a (3.1.6a)
)
("C:/Program Files/MiKTeX 2.9/tex/latex/pgf/compatibility/pgfcomp-version-0-65.
sty"
Package: pgfcomp-version-0-65 2020/10/01 v3.1.6a (3.1.6a)
\pgf@nodesepstart=\dimen196
\pgf@nodesepend=\dimen197
)
("C:/Program Files/MiKTeX 2.9/tex/latex/pgf/compatibility/pgfcomp-version-1-18.
sty"
Package: pgfcomp-version-1-18 2020/10/01 v3.1.6a (3.1.6a)
)) ("C:/Program Files/MiKTeX 2.9/tex/latex/pgf/utilities/pgffor.sty"
("C:/Program Files/MiKTeX 2.9/tex/latex/pgf/utilities/pgfkeys.sty"
("C:/Program Files/MiKTeX 2.9/tex/generic/pgf/utilities/pgfkeys.code.tex"))
("C:/Program Files/MiKTeX 2.9/tex/latex/pgf/math/pgfmath.sty"
("C:/Program Files/MiKTeX 2.9/tex/generic/pgf/math/pgfmath.code.tex"))
("C:/Program Files/MiKTeX 2.9/tex/generic/pgf/utilities/pgffor.code.tex"
Package: pgffor 2020/10/01 v3.1.6a (3.1.6a)

("C:/Program Files/MiKTeX 2.9/tex/generic/pgf/math/pgfmath.code.tex")
\pgffor@iter=\dimen198
\pgffor@skip=\dimen199
\pgffor@stack=\toks34
\pgffor@toks=\toks35
))
("C:/Program Files/MiKTeX 2.9/tex/generic/pgf/frontendlayer/tikz/tikz.code.tex"
Package: tikz 2020/10/01 v3.1.6a (3.1.6a)

("C:/Program Files/MiKTeX 2.9/tex/generic/pgf/libraries/pgflibraryplothandlers.
code.tex"
File: pgflibraryplothandlers.code.tex 2020/10/01 v3.1.6a (3.1.6a)
\pgf@plot@mark@count=\count401
\pgfplotmarksize=\dimen256
)
\tikz@lastx=\dimen257
\tikz@lasty=\dimen258
\tikz@lastxsaved=\dimen259
\tikz@lastysaved=\dimen260
\tikz@lastmovetox=\dimen261
\tikz@lastmovetoy=\dimen262
\tikzleveldistance=\dimen263
\tikzsiblingdistance=\dimen264
\tikz@figbox=\box57
\tikz@figbox@bg=\box58
\tikz@tempbox=\box59
\tikz@tempbox@bg=\box60
\tikztreelevel=\count402
\tikznumberofchildren=\count403
\tikznumberofcurrentchild=\count404
\tikz@fig@count=\count405

("C:/Program Files/MiKTeX 2.9/tex/generic/pgf/modules/pgfmodulematrix.code.tex"
File: pgfmodulematrix.code.tex 2020/10/01 v3.1.6a (3.1.6a)
\pgfmatrixcurrentrow=\count406
\pgfmatrixcurrentcolumn=\count407
\pgf@matrix@numberofcolumns=\count408
)
\tikz@expandcount=\count409

("C:/Program Files/MiKTeX 2.9/tex/generic/pgf/frontendlayer/tikz/libraries/tikz
librarytopaths.code.tex"
File: tikzlibrarytopaths.code.tex 2020/10/01 v3.1.6a (3.1.6a)
)))
(C:/Users/JOSEP/AppData/Roaming/MiKTeX/2.9/tex/latex/circuitikz/circuitikz.sty
Package: circuitikz 2020/10/04{} The CircuiTikz circuit drawing package version 
1.2.4

("C:/Program Files/MiKTeX 2.9/tex/generic/pgf/frontendlayer/tikz/libraries/tikz
librarycalc.code.tex"
File: tikzlibrarycalc.code.tex 2020/10/01 v3.1.6a (3.1.6a)
)
("C:/Program Files/MiKTeX 2.9/tex/generic/pgf/libraries/pgflibraryarrows.meta.c
ode.tex"
File: pgflibraryarrows.meta.code.tex 2020/10/01 v3.1.6a (3.1.6a)
\pgfarrowinset=\dimen265
\pgfarrowlength=\dimen266
\pgfarrowwidth=\dimen267
\pgfarrowlinewidth=\dimen268
)
("C:/Program Files/MiKTeX 2.9/tex/generic/pgf/frontendlayer/tikz/libraries/tikz
librarybending.code.tex"
File: tikzlibrarybending.code.tex 2020/10/01 v3.1.6a (3.1.6a)

("C:/Program Files/MiKTeX 2.9/tex/generic/pgf/modules/pgfmodulebending.code.tex
"
File: pgfmodulebending.code.tex 2020/10/01 v3.1.6a (3.1.6a)

("C:/Program Files/MiKTeX 2.9/tex/generic/pgf/modules/pgfmodulenonlineartransfo
rmations.code.tex"
File: pgfmodulenonlineartransformations.code.tex 2020/10/01 v3.1.6a (3.1.6a)
\pgftransformnonlinearflatness=\dimen269
)
("C:/Program Files/MiKTeX 2.9/tex/generic/pgf/libraries/pgflibrarycurvilinear.c
ode.tex"
File: pgflibrarycurvilinear.code.tex 2020/10/01 v3.1.6a (3.1.6a)
\pgf@curvilinear@time@a=\dimen270
\pgf@curvilinear@length@a=\dimen271
\pgf@curvilinear@length@b=\dimen272
\pgf@curvilinear@length@c=\dimen273
\pgf@curvilinear@length@d=\dimen274
)
\pgf@arrows@the@rigidity=\dimen275
))
("C:/Program Files/MiKTeX 2.9/tex/generic/pgf/frontendlayer/tikz/libraries/tikz
libraryfpu.code.tex"
("C:/Program Files/MiKTeX 2.9/tex/generic/pgf/libraries/pgflibraryfpu.code.tex"
))
(C:/Users/JOSEP/AppData/Roaming/MiKTeX/2.9/tex/generic/circuitikz/pgfcirc.defin
es.tex
\pgf@circ@count@a=\count410
\pgf@circ@count@b=\count411
\pgf@circ@count@c=\count412
\pgf@circ@res@up=\dimen276
\pgf@circ@res@down=\dimen277
\pgf@circ@res@zero=\dimen278
\pgf@circ@res@left=\dimen279
\pgf@circ@res@right=\dimen280
\pgf@circ@res@other=\dimen281
\pgf@circ@res@step=\dimen282
\pgf@circ@res@temp=\dimen283
\pgf@circ@Rlen=\dimen284
\pgf@circ@scaled@Rlen=\dimen285
\pgfstartlinewidth=\dimen286
)
(C:/Users/JOSEP/AppData/Roaming/MiKTeX/2.9/tex/generic/circuitikz/pgfcircutils.
tex)
(C:/Users/JOSEP/AppData/Roaming/MiKTeX/2.9/tex/generic/circuitikz/pgfcircshapes
.tex)
(C:/Users/JOSEP/AppData/Roaming/MiKTeX/2.9/tex/generic/circuitikz/pgfcircmonopo
les.tex)
(C:/Users/JOSEP/AppData/Roaming/MiKTeX/2.9/tex/generic/circuitikz/pgfcircbipole
s.tex)
(C:/Users/JOSEP/AppData/Roaming/MiKTeX/2.9/tex/generic/circuitikz/pgfcirctripol
es.tex
\pgf@circ@res@count=\count413
)
(C:/Users/JOSEP/AppData/Roaming/MiKTeX/2.9/tex/generic/circuitikz/pgfcircquadpo
les.tex)
(C:/Users/JOSEP/AppData/Roaming/MiKTeX/2.9/tex/generic/circuitikz/pgfcircmultip
oles.tex)
(C:/Users/JOSEP/AppData/Roaming/MiKTeX/2.9/tex/generic/circuitikz/pgfcirclabel.
tex)
(C:/Users/JOSEP/AppData/Roaming/MiKTeX/2.9/tex/generic/circuitikz/pgfcircvoltag
e.tex
\pgfcirc@labelshift=\dimen287
)
(C:/Users/JOSEP/AppData/Roaming/MiKTeX/2.9/tex/generic/circuitikz/pgfcirccurren
t.tex)
(C:/Users/JOSEP/AppData/Roaming/MiKTeX/2.9/tex/generic/circuitikz/pgfcircflow.t
ex)
(C:/Users/JOSEP/AppData/Roaming/MiKTeX/2.9/tex/generic/circuitikz/pgfcircpath.t
ex)

Package circuitikz Warning: You did not specify one of the voltage directions:
(circuitikz)                  oldvoltagedirection, nooldvoltagedirection, 
(circuitikz)                  RPvoltages or EFvoltages 
(circuitikz)                Default directions may have changed, 
(circuitikz)                please check the manual.

) ("C:/Program Files/MiKTeX 2.9/tex/latex/amsfonts/amssymb.sty"
Package: amssymb 2013/01/14 v3.01 AMS font symbols

("C:/Program Files/MiKTeX 2.9/tex/latex/amsfonts/amsfonts.sty"
Package: amsfonts 2013/01/14 v3.01 Basic AMSFonts support
\symAMSa=\mathgroup7
\symAMSb=\mathgroup8
LaTeX Font Info:    Redeclaring math symbol \hbar on input line 98.
LaTeX Font Info:    Overwriting math alphabet `\mathfrak' in version `bold'
(Font)                  U/euf/m/n --> U/euf/b/n on input line 106.
))
(C:/Users/JOSEP/AppData/Roaming/MiKTeX/2.9/tex/latex/diagbox/diagbox.sty
Package: diagbox 2020/02/09 v2.3 Making table heads with diagonal lines

(C:/Users/JOSEP/AppData/Roaming/MiKTeX/2.9/tex/latex/pict2e/pict2e.sty
Package: pict2e 2020/09/30 v0.4b Improved picture commands (HjG,RN,JT)

(C:/Users/JOSEP/AppData/Roaming/MiKTeX/2.9/tex/latex/pict2e/pict2e.cfg
File: pict2e.cfg 2016/02/05 v0.1u pict2e configuration for teTeX/TeXLive
)
Package pict2e Info: Driver file: luatex.def on input line 112.
Package pict2e Info: Driver file for pict2e: p2e-luatex.def on input line 114.

(C:/Users/JOSEP/AppData/Roaming/MiKTeX/2.9/tex/latex/pict2e/p2e-luatex.def
File: p2e-luatex.def 2016/02/05 v0.1u Driver-dependant file (RN,HjG,JT)
)
\pIIe@GRAPH=\toks36
\@arclen=\dimen288
\@arcrad=\dimen289
\pIIe@tempdima=\dimen290
\pIIe@tempdimb=\dimen291
\pIIe@tempdimc=\dimen292
\pIIe@tempdimd=\dimen293
\pIIe@tempdime=\dimen294
\pIIe@tempdimf=\dimen295
)
("C:/Program Files/MiKTeX 2.9/tex/latex/tools/calc.sty"
Package: calc 2017/05/25 v4.3 Infix arithmetic (KKT,FJ)
\calc@Acount=\count414
\calc@Bcount=\count415
\calc@Adimen=\dimen296
\calc@Bdimen=\dimen297
\calc@Askip=\skip75
\calc@Bskip=\skip76
LaTeX Info: Redefining \setlength on input line 80.
LaTeX Info: Redefining \addtolength on input line 81.
\calc@Ccount=\count416
\calc@Cskip=\skip77
)
("C:/Program Files/MiKTeX 2.9/tex/latex/tools/array.sty"
Package: array 2019/08/31 v2.4l Tabular extension package (FMi)
\col@sep=\dimen298
\ar@mcellbox=\box61
\extrarowheight=\dimen299
\NC@list=\toks37
\extratabsurround=\skip78
\backup@length=\skip79
\ar@cellbox=\box62
)
\diagbox@boxa=\box63
\diagbox@boxb=\box64
\diagbox@boxm=\box65
\diagbox@wd=\dimen300
\diagbox@ht=\dimen301
\diagbox@insepl=\dimen302
\diagbox@insepr=\dimen303
\diagbox@outsepl=\dimen304
\diagbox@outsepr=\dimen305
)
("C:/Program Files/MiKTeX 2.9/tex/latex/pgfplots/pgfplots.sty"
("C:/Program Files/MiKTeX 2.9/tex/generic/pgfplots/pgfplots.revision.tex")
Package: pgfplots 2020/02/29 v1.17 Data Visualization (1.17)

("C:/Program Files/MiKTeX 2.9/tex/generic/pgfplots/pgfplots.code.tex"
("C:/Program Files/MiKTeX 2.9/tex/generic/pgfplots/pgfplotscore.code.tex"
Package pgfplots info on input line 124: Initializing with LUA version Lua 5.3
\pgfplots@luabackend@table=\catcodetable12
\t@pgfplots@toka=\toks38
\t@pgfplots@tokb=\toks39
\t@pgfplots@tokc=\toks40
\pgfplots@tmpa=\dimen306
\c@pgfplots@coordindex=\count417
\c@pgfplots@scanlineindex=\count418

("C:/Program Files/MiKTeX 2.9/tex/generic/pgfplots/sys/pgfplotssysgeneric.code.
tex"))
("C:/Program Files/MiKTeX 2.9/tex/generic/pgfplots/libs/pgfplotslibrary.code.te
x")
("C:/Program Files/MiKTeX 2.9/tex/generic/pgfplots/oldpgfcompatib/pgfplotsoldpg
fsupp_loader.code.tex"
("C:/Program Files/MiKTeX 2.9/tex/generic/pgf/libraries/luamath/pgflibraryluama
th.code.tex")
Package pgfplots info on input line 290: luamath library shipped with pgf 3.1.6a
 is up-to-date
)
("C:/Program Files/MiKTeX 2.9/tex/generic/pgfplots/util/pgfplotsutil.code.tex"
Package pgfplots info on input line 82: Found new luatex: initializing lua comma
nds instead of write18 (shell-escape)

("C:/Program Files/MiKTeX 2.9/tex/generic/pgfplots/liststructure/pgfplotslistst
ructure.code.tex")
("C:/Program Files/MiKTeX 2.9/tex/generic/pgfplots/liststructure/pgfplotslistst
ructureext.code.tex")
("C:/Program Files/MiKTeX 2.9/tex/generic/pgfplots/liststructure/pgfplotsarray.
code.tex"
\c@pgfplotsarray@tmp=\count419
)
("C:/Program Files/MiKTeX 2.9/tex/generic/pgfplots/liststructure/pgfplotsmatrix
.code.tex")
("C:/Program Files/MiKTeX 2.9/tex/generic/pgfplots/numtable/pgfplotstableshared
.code.tex"
\c@pgfplotstable@counta=\count420
\t@pgfplotstable@a=\toks41
)
("C:/Program Files/MiKTeX 2.9/tex/generic/pgfplots/liststructure/pgfplotsdeque.
code.tex")
("C:/Program Files/MiKTeX 2.9/tex/generic/pgfplots/util/pgfplotsbinary.code.tex
"
("C:/Program Files/MiKTeX 2.9/tex/generic/pgfplots/util/pgfplotsbinary.data.cod
e.tex"))
("C:/Program Files/MiKTeX 2.9/tex/generic/pgfplots/util/pgfplotsutil.verb.code.
tex")
("C:/Program Files/MiKTeX 2.9/tex/generic/pgfplots/libs/pgflibrarypgfplots.surf
shading.code.tex"
\c@pgfplotslibrarysurf@no=\count421

("C:/Program Files/MiKTeX 2.9/tex/generic/pgfplots/sys/pgflibrarypgfplots.surfs
hading.pgfsys-luatex.def")))
("C:/Program Files/MiKTeX 2.9/tex/generic/pgfplots/util/pgfplotscolormap.code.t
ex"
("C:/Program Files/MiKTeX 2.9/tex/generic/pgfplots/util/pgfplotscolor.code.tex"
))
("C:/Program Files/MiKTeX 2.9/tex/generic/pgfplots/pgfplotsstackedplots.code.te
x")
("C:/Program Files/MiKTeX 2.9/tex/generic/pgfplots/pgfplotsplothandlers.code.te
x"
("C:/Program Files/MiKTeX 2.9/tex/generic/pgfplots/pgfplotsmeshplothandler.code
.tex"
("C:/Program Files/MiKTeX 2.9/tex/generic/pgfplots/pgfplotsmeshplotimage.code.t
ex")))
("C:/Program Files/MiKTeX 2.9/tex/generic/pgfplots/pgfplots.scaling.code.tex")
("C:/Program Files/MiKTeX 2.9/tex/generic/pgfplots/pgfplotscoordprocessing.code
.tex")
("C:/Program Files/MiKTeX 2.9/tex/generic/pgfplots/pgfplots.errorbars.code.tex"
) ("C:/Program Files/MiKTeX 2.9/tex/generic/pgfplots/pgfplots.markers.code.tex"
) ("C:/Program Files/MiKTeX 2.9/tex/generic/pgfplots/pgfplotsticks.code.tex")
("C:/Program Files/MiKTeX 2.9/tex/generic/pgfplots/pgfplots.paths.code.tex")
("C:/Program Files/MiKTeX 2.9/tex/generic/pgf/frontendlayer/tikz/libraries/tikz
librarydecorations.code.tex"
("C:/Program Files/MiKTeX 2.9/tex/generic/pgf/modules/pgfmoduledecorations.code
.tex"
\pgfdecoratedcompleteddistance=\dimen307
\pgfdecoratedremainingdistance=\dimen308
\pgfdecoratedinputsegmentcompleteddistance=\dimen309
\pgfdecoratedinputsegmentremainingdistance=\dimen310
\pgf@decorate@distancetomove=\dimen311
\pgf@decorate@repeatstate=\count422
\pgfdecorationsegmentamplitude=\dimen312
\pgfdecorationsegmentlength=\dimen313
)
\tikz@lib@dec@box=\box66
)
("C:/Program Files/MiKTeX 2.9/tex/generic/pgf/frontendlayer/tikz/libraries/tikz
librarydecorations.pathmorphing.code.tex"
("C:/Program Files/MiKTeX 2.9/tex/generic/pgf/libraries/decorations/pgflibraryd
ecorations.pathmorphing.code.tex"))
("C:/Program Files/MiKTeX 2.9/tex/generic/pgf/frontendlayer/tikz/libraries/tikz
librarydecorations.pathreplacing.code.tex"
("C:/Program Files/MiKTeX 2.9/tex/generic/pgf/libraries/decorations/pgflibraryd
ecorations.pathreplacing.code.tex"))
\pgfplots@numplots=\count423
\pgfplots@xmin@reg=\dimen314
\pgfplots@xmax@reg=\dimen315
\pgfplots@ymin@reg=\dimen316
\pgfplots@ymax@reg=\dimen317
\pgfplots@zmin@reg=\dimen318
\pgfplots@zmax@reg=\dimen319
)
("C:/Program Files/MiKTeX 2.9/tex/generic/pgf/frontendlayer/tikz/libraries/tikz
libraryplotmarks.code.tex"
File: tikzlibraryplotmarks.code.tex 2020/10/01 v3.1.6a (3.1.6a)

("C:/Program Files/MiKTeX 2.9/tex/generic/pgf/libraries/pgflibraryplotmarks.cod
e.tex"
File: pgflibraryplotmarks.code.tex 2020/10/01 v3.1.6a (3.1.6a)
)))
(C:/Users/JOSEP/AppData/Roaming/MiKTeX/2.9/tex/latex/caption/subcaption.sty
Package: subcaption 2020/10/07 v1.3j Sub-captions (AR)

(C:/Users/JOSEP/AppData/Roaming/MiKTeX/2.9/tex/latex/caption/caption.sty
Package: caption 2020/10/26 v3.5g Customizing captions (AR)

(C:/Users/JOSEP/AppData/Roaming/MiKTeX/2.9/tex/latex/caption/caption3.sty
Package: caption3 2020/10/21 v2.2e caption3 kernel (AR)
\captionmargin=\dimen320
\captionmargin@=\dimen321
\captionwidth=\dimen322
\caption@tempdima=\dimen323
\caption@indent=\dimen324
\caption@parindent=\dimen325
\caption@hangindent=\dimen326
Package caption Info: Standard document class detected.
)
\c@caption@flags=\count424
\c@continuedfloat=\count425
)
\c@subfigure=\count426
\c@subtable=\count427
)
("C:/Program Files/MiKTeX 2.9/tex/generic/pgfplots/libs/tikzlibrarypgfplots.pat
chplots.code.tex")
("C:/Program Files/MiKTeX 2.9/tex/generic/pgfplots/libs/tikzlibrarypgfplots.col
ormaps.code.tex")
("C:/Program Files/MiKTeX 2.9/tex/generic/pgf/frontendlayer/tikz/libraries/tikz
libraryintersections.code.tex"
("C:/Program Files/MiKTeX 2.9/tex/generic/pgf/libraries/pgflibraryintersections
.code.tex"
\pgf@intersect@solutions=\count428
))
("C:/Program Files/MiKTeX 2.9/tex/generic/pgfplots/libs/tikzlibrarypgfplots.fil
lbetween.code.tex"
("C:/Program Files/MiKTeX 2.9/tex/generic/pgfplots/pgfcontrib/tikzlibraryfillbe
tween.code.tex"
("C:/Program Files/MiKTeX 2.9/tex/generic/pgfplots/pgfcontrib/tikzlibrarydecora
tions.softclip.code.tex"
("C:/Program Files/MiKTeX 2.9/tex/generic/pgfplots/pgfcontrib/pgflibraryfillbet
ween.code.tex")))
("C:/Program Files/MiKTeX 2.9/tex/generic/pgfplots/libs/tikzlibrarypgfplots.dec
orations.softclip.code.tex"))
\@quotelevel=\count429
\@quotereset=\count430
 (./Main.aux)
\openout1 = Main.aux

LaTeX Font Info:    Checking defaults for OML/cmm/m/it on input line 31.
LaTeX Font Info:    ... okay on input line 31.
LaTeX Font Info:    Checking defaults for OMS/cmsy/m/n on input line 31.
LaTeX Font Info:    ... okay on input line 31.
LaTeX Font Info:    Checking defaults for OT1/cmr/m/n on input line 31.
LaTeX Font Info:    ... okay on input line 31.
LaTeX Font Info:    Checking defaults for T1/cmr/m/n on input line 31.
LaTeX Font Info:    ... okay on input line 31.
LaTeX Font Info:    Checking defaults for TS1/cmr/m/n on input line 31.
LaTeX Font Info:    Trying to load font information for TS1+cmr on input line 31
.

("C:/Program Files/MiKTeX 2.9/tex/latex/base/ts1cmr.fd"
File: ts1cmr.fd 2019/12/16 v2.5j Standard LaTeX font definitions
)
LaTeX Font Info:    ... okay on input line 31.
LaTeX Font Info:    Checking defaults for TU/lmr/m/n on input line 31.
LaTeX Font Info:    ... okay on input line 31.
LaTeX Font Info:    Checking defaults for OMX/cmex/m/n on input line 31.
LaTeX Font Info:    ... okay on input line 31.
LaTeX Font Info:    Checking defaults for U/cmr/m/n on input line 31.
LaTeX Font Info:    ... okay on input line 31.

*geometry* driver: auto-detecting
*geometry* detected driver: luatex
*geometry* verbose mode - [ preamble ] result:
* driver: luatex
* paper: <default>
* layout: <same size as paper>
* layoutoffset:(h,v)=(0.0pt,0.0pt)
* modes: 
* h-part:(L,W,R)=(85.35826pt, 443.57848pt, 85.35826pt)
* v-part:(T,H,B)=(85.35826pt, 624.25346pt, 85.35826pt)
* \paperwidth=614.295pt
* \paperheight=794.96999pt
* \textwidth=443.57848pt
* \textheight=624.25346pt
* \oddsidemargin=13.08827pt
* \evensidemargin=13.08827pt
* \topmargin=-23.91173pt
* \headheight=12.0pt
* \headsep=25.0pt
* \topskip=10.0pt
* \footskip=30.0pt
* \marginparwidth=65.0pt
* \marginparsep=11.0pt
* \columnsep=10.0pt
* \skip\footins=9.0pt plus 4.0pt minus 2.0pt
* \hoffset=0.0pt
* \voffset=0.0pt
* \mag=1000
* \@twocolumnfalse
* \@twosidefalse
* \@mparswitchfalse
* \@reversemarginfalse
* (1in=72.27pt=25.4mm, 1cm=28.453pt)

Package biblatex Info: Trying to load language 'english'...
Package biblatex Info: ... file 'english.lbx' found.
("C:/Program Files/MiKTeX 2.9/tex/latex/biblatex/lbx/english.lbx"
File: english.lbx 2020/08/23 v3.15a biblatex localization (PK/MW)
)
Package biblatex Info: LuaTeX detected.
(biblatex)             Assuming input encoding 'utf8'.
Package biblatex Info: Automatic encoding selection.
(biblatex)             Assuming data encoding 'utf8'.

\openout3 = Main.bcf
Package biblatex Info: Trying to load bibliographic data...
Package biblatex Info: ... file 'Main.bbl' not found.

No file Main.bbl.
Package biblatex Info: Reference section=0 on input line 31.
Package biblatex Info: Reference segment=0 on input line 31.
LaTeX Info: Redefining \microtypecontext on input line 31.

Package microtype Warning: `draft' option active.
(microtype)                Disabling all micro-typographic extensions.
(microtype)                This might lead to different line and page breaks.

("C:/Program Files/MiKTeX 2.9/tex/context/base/mkii/supp-pdf.mkii"
[Loading MPS to PDF converter (version 2006.09.02).]
\scratchcounter=\count431
\scratchdimen=\dimen327
\scratchbox=\box67
\nofMPsegments=\count432
\nofMParguments=\count433
\everyMPshowfont=\toks42
\MPscratchCnt=\count434
\MPscratchDim=\dimen328
\MPnumerator=\count435
\makeMPintoPDFobject=\count436
\everyMPtoPDFconversion=\toks43
) ("C:/Program Files/MiKTeX 2.9/tex/latex/epstopdf-pkg/epstopdf-base.sty"
Package: epstopdf-base 2020-01-24 v2.11 Base part for package epstopdf
Package epstopdf-base Info: Redefining graphics rule for `.eps' on input line 48
5.
)
Package pgfplots notification 'compat/show suggested version=true': document has
 been generated with the most recent feature set (\pgfplotsset{compat=1.17}).

Package caption Info: Begin \AtBeginDocument code.
Package caption Info: End \AtBeginDocument code.
[1

{C:/Users/JOSEP/AppData/Local/MiKTeX/2.9/pdftex/config/pdftex.map}]
(./Chapters/RX.tex
LaTeX Font Info:    Trying to load font information for U+msa on input line 2.
 ("C:/Program Files/MiKTeX 2.9/tex/latex/amsfonts/umsa.fd"
File: umsa.fd 2013/01/14 v3.01 AMS symbols A
)
LaTeX Font Info:    Trying to load font information for U+msb on input line 2.

("C:/Program Files/MiKTeX 2.9/tex/latex/amsfonts/umsb.fd"
File: umsb.fd 2013/01/14 v3.01 AMS symbols B
)
PGFPlots: reading {Data/RX/I1_re_3x.csv}
PGFPlots: reading {Data/RX/RI1_re_3x.csv}
PGFPlots: reading {Data/RX/I1_im_3x.csv}
PGFPlots: reading {Data/RX/RI1_im_3x.csv}
PGFPlots: reading {Data/RX/I2_re_3x.csv}
PGFPlots: reading {Data/RX/RI2_re_3x.csv}
PGFPlots: reading {Data/RX/I2_im_3x.csv}
PGFPlots: reading {Data/RX/RI2_im_3x.csv}
PGFPlots: reading {Data/RX/ff_3x.csv}
PGFPlots: reading {Data/RX/Rff_3x.csv}
 [2
Missing character: There is no ; (U+003B) in font nullfont!
]
PGFPlots: reading {Data/RX/V1_3x.csv}
PGFPlots: reading {Data/RX/V2_3x.csv}
PGFPlots: reading {Data/RX/RV1_3x.csv}
PGFPlots: reading {Data/RX/RV2_3x.csv}
Package pgfplots info on input line 118: Using 'lua backend=false' for plot 4 (t
ype '[tikz@plot@handler: macro:->\global \pgf@plot@startedfalse \global \let \pg
f@plotstreamend \pgf@plotstreamend@init \global \let \pgf@plotstreampoint \pgf@p
lotstreampoint@init \global \let \pgf@plotstreamjump \pgf@plotstreamjump@init \g
lobal \let \pgf@plotstreamspecial \pgf@plotstreamspecial@init \pgfplotyzerolevel
streamstart ]'): plot handler does not support LUA.
Package pgfplots info on input line 118: Using 'lua backend=false' for plot 4 (t
ype '[tikz@plot@handler: macro:->\global \pgf@plot@startedfalse \global \let \pg
f@plotstreamend \pgf@plotstreamend@init \global \let \pgf@plotstreampoint \pgf@p
lotstreampoint@init \global \let \pgf@plotstreamjump \pgf@plotstreamjump@init \g
lobal \let \pgf@plotstreamspecial \pgf@plotstreamspecial@init \pgfplotyzerolevel
streamstart ]'): LUA does not support x filter (yet).
PGFPlots: reading {Data/RX/ffG_3x.csv}

NOTE: coordinate (0.14900000000000002,0.14900000000000002,0.26720040390886124) h
as been dropped because of a coordinate filter. (see also unbounded coords=jump)
. 
NOTE: coordinate (0.24700000000000003,0.24700000000000003,0.2925346665486746) ha
s been dropped because of a coordinate filter. (see also unbounded coords=jump).
 
NOTE: coordinate (0.345,0.345,0.31375598177358704) has been dropped because of a
 coordinate filter. (see also unbounded coords=jump). 
NOTE: coordinate (0.44300000000000006,0.44300000000000006,0.3314027988737828) ha
s been dropped because of a coordinate filter. (see also unbounded coords=jump).
 
NOTE: coordinate (0.541,0.541,0.3460107717252825) has been dropped because of a 
coordinate filter. (see also unbounded coords=jump). 
NOTE: coordinate (0.639,0.639,0.35807935135118313) has been dropped because of a
 coordinate filter. (see also unbounded coords=jump). 
NOTE: coordinate (0.737,0.737,0.36805230584040877) has been dropped because of a
 coordinate filter. (see also unbounded coords=jump). 
NOTE: coordinate (0.835,0.835,0.3763101616899235) has been dropped because of a 
coordinate filter. (see also unbounded coords=jump). 
NOTE: coordinate (0.933,0.933,0.3831709783732012) has been dropped because of a 
coordinate filter. (see also unbounded coords=jump). 
NOTE: coordinate (1.0310000000000001,1.0310000000000001,0.3888959274508824) has 
been dropped because of a coordinate filter. (see also unbounded coords=jump). 
NOTE: coordinate (1.1290000000000002,1.1290000000000002,0.39369698167886175) has
 been dropped because of a coordinate filter. (see also unbounded coords=jump). 

NOTE: coordinate (1.227,1.227,0.39774498398274283) has been dropped because of a
 coordinate filter. (see also unbounded coords=jump). 
NOTE: coordinate (1.3250000000000002,1.3250000000000002,0.4011771513700323) has 
been dropped because of a coordinate filter. (see also unbounded coords=jump). 
NOTE: coordinate (1.423,1.423,0.4041036004857241) has been dropped because of a 
coordinate filter. (see also unbounded coords=jump). 
NOTE: coordinate (1.5210000000000001,1.5210000000000001,0.4066127955722574) has 
been dropped because of a coordinate filter. (see also unbounded coords=jump). 
NOTE: coordinate (1.6190000000000002,1.6190000000000002,0.40877598156897416) has
 been dropped because of a coordinate filter. (see also unbounded coords=jump). 

NOTE: coordinate (1.717,1.717,0.410650733682552) has been dropped because of a c
oordinate filter. (see also unbounded coords=jump). 
NOTE: coordinate (1.8150000000000002,1.8150000000000002,0.41228377179513115) has
 been dropped because of a coordinate filter. (see also unbounded coords=jump). 

NOTE: coordinate (1.9130000000000003,1.9130000000000003,0.4137131798444507) has 
been dropped because of a coordinate filter. (see also unbounded coords=jump). 
NOTE: coordinate (2.011,2.011,0.4149701517734048) has been dropped because of a 
coordinate filter. (see also unbounded coords=jump). 
NOTE: coordinate (2.109,2.109,0.4160803647081788) has been dropped because of a 
coordinate filter. (see also unbounded coords=jump). 
NOTE: coordinate (2.2070000000000003,2.2070000000000003,0.41706506035531166) has
 been dropped because of a coordinate filter. (see also unbounded coords=jump). 

NOTE: coordinate (2.305,2.305,0.4179418986557987) has been dropped because of a 
coordinate filter. (see also unbounded coords=jump). 
NOTE: coordinate (2.403,2.403,0.41872563379307254) has been dropped because of a
 coordinate filter. (see also unbounded coords=jump). 
NOTE: coordinate (2.5010000000000003,2.5010000000000003,0.4194286515058904) has 
been dropped because of a coordinate filter. (see also unbounded coords=jump). 
NOTE: coordinate (2.599,2.599,0.42006139789813884) has been dropped because of a
 coordinate filter. (see also unbounded coords=jump). 
NOTE: coordinate (2.697,2.697,0.42063272312646616) has been dropped because of a
 coordinate filter. (see also unbounded coords=jump). 
NOTE: coordinate (2.7950000000000004,2.7950000000000004,0.4211501580838559) has 
been dropped because of a coordinate filter. (see also unbounded coords=jump). 
NOTE: coordinate (2.8930000000000002,2.8930000000000002,0.4216201381432442) has 
been dropped because of a coordinate filter. (see also unbounded coords=jump). 
NOTE: coordinate (2.991,2.991,0.4220481849049327) has been dropped because of a 
coordinate filter. (see also unbounded coords=jump). 
NOTE: coordinate (3.0890000000000004,3.0890000000000004,0.4224390544917366) has 
been dropped because of a coordinate filter. (see also unbounded coords=jump). 
NOTE: coordinate (3.1870000000000003,3.1870000000000003,0.42279685908137526) has
 been dropped because of a coordinate filter. (see also unbounded coords=jump). 

NOTE: coordinate (3.285,3.285,0.42312516693994634) has been dropped because of a
 coordinate filter. (see also unbounded coords=jump). 
NOTE: coordinate (3.383,3.383,0.4234270851069588) has been dropped because of a 
coordinate filter. (see also unbounded coords=jump). 
NOTE: coordinate (3.4810000000000003,3.4810000000000003,0.42370532802390776) has
 been dropped because of a coordinate filter. (see also unbounded coords=jump). 

NOTE: coordinate (3.579,3.579,0.4239622747247957) has been dropped because of a 
coordinate filter. (see also unbounded coords=jump). 
NOTE: coordinate (3.677,3.677,0.4242000166820792) has been dropped because of a 
coordinate filter. (see also unbounded coords=jump). 
NOTE: coordinate (3.7750000000000004,3.7750000000000004,0.4244203979853223) has 
been dropped because of a coordinate filter. (see also unbounded coords=jump). 
NOTE: coordinate (3.873,3.873,0.4246250492062866) has been dropped because of a 
coordinate filter. (see also unbounded coords=jump). 
NOTE: coordinate (3.971,3.971,0.4248154160436616) has been dropped because of a 
coordinate filter. (see also unbounded coords=jump). 
NOTE: coordinate (4.069,4.069,0.42499278363564114) has been dropped because of a
 coordinate filter. (see also unbounded coords=jump). 
NOTE: coordinate (4.167,4.167,0.42515829726427107) has been dropped because of a
 coordinate filter. (see also unbounded coords=jump). 
NOTE: coordinate (4.265,4.265,0.42531298004389034) has been dropped because of a
 coordinate filter. (see also unbounded coords=jump). 
NOTE: coordinate (4.3629999999999995,4.3629999999999995,0.42545774808011627) has
 been dropped because of a coordinate filter. (see also unbounded coords=jump). 

NOTE: coordinate (4.460999999999999,4.460999999999999,0.42559342350009943) has b
een dropped because of a coordinate filter. (see also unbounded coords=jump). 
NOTE: coordinate (4.559,4.559,0.42572074568567947) has been dropped because of a
 coordinate filter. (see also unbounded coords=jump). 
NOTE: coordinate (4.657,4.657,0.4258403809846575) has been dropped because of a 
coordinate filter. (see also unbounded coords=jump). 
NOTE: coordinate (4.755,4.755,0.42595293112907906) has been dropped because of a
 coordinate filter. (see also unbounded coords=jump). 
NOTE: coordinate (4.853,4.853,0.4260589405521683) has been dropped because of a 
coordinate filter. (see also unbounded coords=jump). 
NOTE: coordinate (4.951,4.951,0.4261589027636819) has been dropped because of a 
coordinate filter. (see also unbounded coords=jump). 
Package pgfplots info on input line 119: Using 'lua backend=false' for plot 4 (t
ype '[tikz@plot@handler: macro:->\global \pgf@plot@startedfalse \global \let \pg
f@plotstreamend \pgf@plotstreamend@init \global \let \pgf@plotstreampoint \pgf@p
lotstreampoint@init \global \let \pgf@plotstreamjump \pgf@plotstreamjump@init \g
lobal \let \pgf@plotstreamspecial \pgf@plotstreamspecial@init \pgfplotyzerolevel
streamstart ]'): plot handler does not support LUA.
Package pgfplots info on input line 119: Using 'lua backend=false' for plot 4 (t
ype '[tikz@plot@handler: macro:->\global \pgf@plot@startedfalse \global \let \pg
f@plotstreamend \pgf@plotstreamend@init \global \let \pgf@plotstreampoint \pgf@p
lotstreampoint@init \global \let \pgf@plotstreamjump \pgf@plotstreamjump@init \g
lobal \let \pgf@plotstreamspecial \pgf@plotstreamspecial@init \pgfplotyzerolevel
streamstart ]'): LUA does not support x filter (yet).
PGFPlots: reading {Data/RX/RffG_3x.csv}
NOTE: coordinate (0.14900000000000002,0.14900000000000002,0.2752108175623099) ha
s been dropped because of a coordinate filter. (see also unbounded coords=jump).
 
NOTE: coordinate (0.24700000000000003,0.24700000000000003,0.30324239487438526) h
as been dropped because of a coordinate filter. (see also unbounded coords=jump)
. 
NOTE: coordinate (0.345,0.345,0.327435247762114) has been dropped because of a c
oordinate filter. (see also unbounded coords=jump). 
NOTE: coordinate (0.44300000000000006,0.44300000000000006,0.34822613983092726) h
as been dropped because of a coordinate filter. (see also unbounded coords=jump)
. 
NOTE: coordinate (0.541,0.541,0.36605096329335846) has been dropped because of a
 coordinate filter. (see also unbounded coords=jump). 
NOTE: coordinate (0.639,0.639,0.38132283632659336) has been dropped because of a
 coordinate filter. (see also unbounded coords=jump). 
NOTE: coordinate (0.737,0.737,0.3944180911893297) has been dropped because of a 
coordinate filter. (see also unbounded coords=jump). 
NOTE: coordinate (0.835,0.835,0.40566968076459337) has been dropped because of a
 coordinate filter. (see also unbounded coords=jump). 
NOTE: coordinate (0.933,0.933,0.41536575803517883) has been dropped because of a
 coordinate filter. (see also unbounded coords=jump). 
NOTE: coordinate (1.0310000000000001,1.0310000000000001,0.42375189261848945) has
 been dropped because of a coordinate filter. (see also unbounded coords=jump). 

NOTE: coordinate (1.1290000000000002,1.1290000000000002,0.43103498848969724) has
 been dropped because of a coordinate filter. (see also unbounded coords=jump). 

NOTE: coordinate (1.227,1.227,0.4373879101804189) has been dropped because of a 
coordinate filter. (see also unbounded coords=jump). 
NOTE: coordinate (1.3250000000000002,1.3250000000000002,0.4429549015090534) has 
been dropped because of a coordinate filter. (see also unbounded coords=jump). 
NOTE: coordinate (1.423,1.423,0.44785564672767375) has been dropped because of a
 coordinate filter. (see also unbounded coords=jump). 
NOTE: coordinate (1.5210000000000001,1.5210000000000001,0.4521896456395632) has 
been dropped because of a coordinate filter. (see also unbounded coords=jump). 
NOTE: coordinate (1.6190000000000002,1.6190000000000002,0.45603958122016425) has
 been dropped because of a coordinate filter. (see also unbounded coords=jump). 

NOTE: coordinate (1.717,1.717,0.4594744107240869) has been dropped because of a 
coordinate filter. (see also unbounded coords=jump). 
NOTE: coordinate (1.8150000000000002,1.8150000000000002,0.46255172785570964) has
 been dropped because of a coordinate filter. (see also unbounded coords=jump). 

NOTE: coordinate (1.9130000000000003,1.9130000000000003,0.4653198218130204) has 
been dropped because of a coordinate filter. (see also unbounded coords=jump). 
NOTE: coordinate (2.011,2.011,0.46781932862613446) has been dropped because of a
 coordinate filter. (see also unbounded coords=jump). 
NOTE: coordinate (2.109,2.109,0.4700845604972607) has been dropped because of a 
coordinate filter. (see also unbounded coords=jump). 
NOTE: coordinate (2.2070000000000003,2.2070000000000003,0.4721445786131728) has 
been dropped because of a coordinate filter. (see also unbounded coords=jump). 
NOTE: coordinate (2.305,2.305,0.4740242035649913) has been dropped because of a 
coordinate filter. (see also unbounded coords=jump). 
NOTE: coordinate (2.403,2.403,0.47574458276629417) has been dropped because of a
 coordinate filter. (see also unbounded coords=jump). 
NOTE: coordinate (2.5010000000000003,2.5010000000000003,0.4773238633575909) has 
been dropped because of a coordinate filter. (see also unbounded coords=jump). 
NOTE: coordinate (2.599,2.599,0.4787778521245013) has been dropped because of a 
coordinate filter. (see also unbounded coords=jump). 
NOTE: coordinate (2.697,2.697,0.4801197642028866) has been dropped because of a 
coordinate filter. (see also unbounded coords=jump). 
NOTE: coordinate (2.7950000000000004,2.7950000000000004,0.4813615085795542) has 
been dropped because of a coordinate filter. (see also unbounded coords=jump). 
NOTE: coordinate (2.8930000000000002,2.8930000000000002,0.48251331120990637) has
 been dropped because of a coordinate filter. (see also unbounded coords=jump). 

NOTE: coordinate (2.991,2.991,0.48358393469194433) has been dropped because of a
 coordinate filter. (see also unbounded coords=jump). 
NOTE: coordinate (3.0890000000000004,3.0890000000000004,0.48458158524511397) has
 been dropped because of a coordinate filter. (see also unbounded coords=jump). 

NOTE: coordinate (3.1870000000000003,3.1870000000000003,0.48551298301508033) has
 been dropped because of a coordinate filter. (see also unbounded coords=jump). 

NOTE: coordinate (3.285,3.285,0.4863842289465665) has been dropped because of a 
coordinate filter. (see also unbounded coords=jump). 
NOTE: coordinate (3.383,3.383,0.4872007158552354) has been dropped because of a 
coordinate filter. (see also unbounded coords=jump). 
NOTE: coordinate (3.4810000000000003,3.4810000000000003,0.4879672360489231) has 
been dropped because of a coordinate filter. (see also unbounded coords=jump). 
NOTE: coordinate (3.579,3.579,0.4886880591555261) has been dropped because of a 
coordinate filter. (see also unbounded coords=jump). 
NOTE: coordinate (3.677,3.677,0.4893669953066507) has been dropped because of a 
coordinate filter. (see also unbounded coords=jump). 
NOTE: coordinate (3.7750000000000004,3.7750000000000004,0.49000745332219037) has
 been dropped because of a coordinate filter. (see also unbounded coords=jump). 

NOTE: coordinate (3.873,3.873,0.49061250903059567) has been dropped because of a
 coordinate filter. (see also unbounded coords=jump). 
NOTE: coordinate (3.971,3.971,0.4911848879075342) has been dropped because of a 
coordinate filter. (see also unbounded coords=jump). 
NOTE: coordinate (4.069,4.069,0.49172710418950477) has been dropped because of a
 coordinate filter. (see also unbounded coords=jump). 
NOTE: coordinate (4.167,4.167,0.49224139898565317) has been dropped because of a
 coordinate filter. (see also unbounded coords=jump). 
NOTE: coordinate (4.265,4.265,0.49272995838538675) has been dropped because of a
 coordinate filter. (see also unbounded coords=jump). 
NOTE: coordinate (4.3629999999999995,4.3629999999999995,0.4931943181845444) has 
been dropped because of a coordinate filter. (see also unbounded coords=jump). 
NOTE: coordinate (4.460999999999999,4.460999999999999,0.49363631395798674) has b
een dropped because of a coordinate filter. (see also unbounded coords=jump). 
NOTE: coordinate (4.559,4.559,0.4940574766707428) has been dropped because of a 
coordinate filter. (see also unbounded coords=jump). 
NOTE: coordinate (4.657,4.657,0.49445919607423594) has been dropped because of a
 coordinate filter. (see also unbounded coords=jump). 
NOTE: coordinate (4.755,4.755,0.49484275817425816) has been dropped because of a
 coordinate filter. (see also unbounded coords=jump). 
NOTE: coordinate (4.853,4.853,0.49520934586171267) has been dropped because of a
 coordinate filter. (see also unbounded coords=jump). 
NOTE: coordinate (4.951,4.951,0.495560001400553) has been dropped because of a c
oordinate filter. (see also unbounded coords=jump). 
PGFPlots: reading {Data/RX/terra_RX.csv}
Package pgfplots info on input line 128: Using 'lua backend=false' for plot 0 (t
ype 'graphics'): plot handler does not support LUA.
PGFPlots: reading {Data/RX/I1_re_LG.csv}
PGFPlots: reading {Data/RX/RI1_re_LG.csv}
PGFPlots: reading {Data/RX/I1_im_LG.csv}
PGFPlots: reading {Data/RX/RI1_im_LG.csv}
PGFPlots: reading {Data/RX/I2_re_LG.csv}
PGFPlots: reading {Data/RX/RI2_re_LG.csv}
PGFPlots: reading {Data/RX/I2_im_LG.csv}
PGFPlots: reading {Data/RX/RI2_im_LG.csv}
PGFPlots: reading {Data/RX/ff_LG.csv}
PGFPlots: reading {Data/RX/Rff_LG.csv}
[3
Missing character: There is no ; (U+003B) in font nullfont!
] [4
Missing character: There is no ; (U+003B) in font nullfont!
]
PGFPlots: reading {Data/RX/V1_LG.csv}
PGFPlots: reading {Data/RX/V2_LG.csv}
PGFPlots: reading {Data/RX/RV1_LG.csv}
PGFPlots: reading {Data/RX/RV2_LG.csv}
Package pgfplots info on input line 247: Using 'lua backend=false' for plot 4 (t
ype '[tikz@plot@handler: macro:->\global \pgf@plot@startedfalse \global \let \pg
f@plotstreamend \pgf@plotstreamend@init \global \let \pgf@plotstreampoint \pgf@p
lotstreampoint@init \global \let \pgf@plotstreamjump \pgf@plotstreamjump@init \g
lobal \let \pgf@plotstreamspecial \pgf@plotstreamspecial@init \pgfplotyzerolevel
streamstart ]'): plot handler does not support LUA.
Package pgfplots info on input line 247: Using 'lua backend=false' for plot 4 (t
ype '[tikz@plot@handler: macro:->\global \pgf@plot@startedfalse \global \let \pg
f@plotstreamend \pgf@plotstreamend@init \global \let \pgf@plotstreampoint \pgf@p
lotstreampoint@init \global \let \pgf@plotstreamjump \pgf@plotstreamjump@init \g
lobal \let \pgf@plotstreamspecial \pgf@plotstreamspecial@init \pgfplotyzerolevel
streamstart ]'): LUA does not support x filter (yet).
PGFPlots: reading {Data/RX/ffG_LG.csv}

NOTE: coordinate (0.14900000000000002,0.14900000000000002,0.5961500126660693) ha
s been dropped because of a coordinate filter. (see also unbounded coords=jump).
 
NOTE: coordinate (0.24700000000000003,0.24700000000000003,0.5949122221645222) ha
s been dropped because of a coordinate filter. (see also unbounded coords=jump).
 
NOTE: coordinate (0.345,0.345,0.5937675469915402) has been dropped because of a 
coordinate filter. (see also unbounded coords=jump). 
NOTE: coordinate (0.44300000000000006,0.44300000000000006,0.5927312957924583) ha
s been dropped because of a coordinate filter. (see also unbounded coords=jump).
 
NOTE: coordinate (0.541,0.541,0.5918092902220262) has been dropped because of a 
coordinate filter. (see also unbounded coords=jump). 
NOTE: coordinate (0.639,0.639,0.5909997368761153) has been dropped because of a 
coordinate filter. (see also unbounded coords=jump). 
NOTE: coordinate (0.737,0.737,0.5902956412206817) has been dropped because of a 
coordinate filter. (see also unbounded coords=jump). 
NOTE: coordinate (0.835,0.835,0.589687071588338) has been dropped because of a c
oordinate filter. (see also unbounded coords=jump). 
NOTE: coordinate (0.933,0.933,0.5891629238873357) has been dropped because of a 
coordinate filter. (see also unbounded coords=jump). 
NOTE: coordinate (1.0310000000000001,1.0310000000000001,0.588712115228679) has b
een dropped because of a coordinate filter. (see also unbounded coords=jump). 
NOTE: coordinate (1.1290000000000002,1.1290000000000002,0.588324287291575) has b
een dropped because of a coordinate filter. (see also unbounded coords=jump). 
NOTE: coordinate (1.227,1.227,0.5879901509182197) has been dropped because of a 
coordinate filter. (see also unbounded coords=jump). 
NOTE: coordinate (1.3250000000000002,1.3250000000000002,0.5877015969642977) has 
been dropped because of a coordinate filter. (see also unbounded coords=jump). 
NOTE: coordinate (1.423,1.423,0.5874516701931329) has been dropped because of a 
coordinate filter. (see also unbounded coords=jump). 
NOTE: coordinate (1.5210000000000001,1.5210000000000001,0.5872344725735468) has 
been dropped because of a coordinate filter. (see also unbounded coords=jump). 
NOTE: coordinate (1.6190000000000002,1.6190000000000002,0.5870450375682568) has 
been dropped because of a coordinate filter. (see also unbounded coords=jump). 
NOTE: coordinate (1.717,1.717,0.5868791994240623) has been dropped because of a 
coordinate filter. (see also unbounded coords=jump). 
NOTE: coordinate (1.8150000000000002,1.8150000000000002,0.586733470054809) has b
een dropped because of a coordinate filter. (see also unbounded coords=jump). 
NOTE: coordinate (1.9130000000000003,1.9130000000000003,0.5866049291721656) has 
been dropped because of a coordinate filter. (see also unbounded coords=jump). 
NOTE: coordinate (2.011,2.011,0.586491129369783) has been dropped because of a c
oordinate filter. (see also unbounded coords=jump). 
NOTE: coordinate (2.109,2.109,0.5863900157810262) has been dropped because of a 
coordinate filter. (see also unbounded coords=jump). 
NOTE: coordinate (2.2070000000000003,2.2070000000000003,0.586299858948574) has b
een dropped because of a coordinate filter. (see also unbounded coords=jump). 
NOTE: coordinate (2.305,2.305,0.5862191991870933) has been dropped because of a 
coordinate filter. (see also unbounded coords=jump). 
NOTE: coordinate (2.403,2.403,0.5861468006943042) has been dropped because of a 
coordinate filter. (see also unbounded coords=jump). 
NOTE: coordinate (2.5010000000000003,2.5010000000000003,0.5860816137979195) has 
been dropped because of a coordinate filter. (see also unbounded coords=jump). 
NOTE: coordinate (2.599,2.599,0.5860227439238183) has been dropped because of a 
coordinate filter. (see also unbounded coords=jump). 
NOTE: coordinate (2.697,2.697,0.5859694260815416) has been dropped because of a 
coordinate filter. (see also unbounded coords=jump). 
NOTE: coordinate (2.7950000000000004,2.7950000000000004,0.5859210038624891) has 
been dropped because of a coordinate filter. (see also unbounded coords=jump). 
NOTE: coordinate (2.8930000000000002,2.8930000000000002,0.5858769121215401) has 
been dropped because of a coordinate filter. (see also unbounded coords=jump). 
NOTE: coordinate (2.991,2.991,0.5858366626650521) has been dropped because of a 
coordinate filter. (see also unbounded coords=jump). 
NOTE: coordinate (3.0890000000000004,3.0890000000000004,0.585799832392679) has b
een dropped because of a coordinate filter. (see also unbounded coords=jump). 
NOTE: coordinate (3.1870000000000003,3.1870000000000003,0.5857660534455374) has 
been dropped because of a coordinate filter. (see also unbounded coords=jump). 
NOTE: coordinate (3.285,3.285,0.5857350049971012) has been dropped because of a 
coordinate filter. (see also unbounded coords=jump). 
NOTE: coordinate (3.383,3.383,0.5857064063923594) has been dropped because of a 
coordinate filter. (see also unbounded coords=jump). 
NOTE: coordinate (3.4810000000000003,3.4810000000000003,0.5856800113961758) has 
been dropped because of a coordinate filter. (see also unbounded coords=jump). 
NOTE: coordinate (3.579,3.579,0.5856556034749731) has been dropped because of a 
coordinate filter. (see also unbounded coords=jump). 
NOTE: coordinate (3.677,3.677,0.5856329911246427) has been dropped because of a 
coordinate filter. (see also unbounded coords=jump). 
NOTE: coordinate (3.7750000000000004,3.7750000000000004,0.5856120056028106) has 
been dropped because of a coordinate filter. (see also unbounded coords=jump). 
NOTE: coordinate (3.873,3.873,0.585592496814672) has been dropped because of a c
oordinate filter. (see also unbounded coords=jump). 
NOTE: coordinate (3.971,3.971,0.585574331411228) has been dropped because of a c
oordinate filter. (see also unbounded coords=jump). 
NOTE: coordinate (4.069,4.069,0.5855573905417961) has been dropped because of a 
coordinate filter. (see also unbounded coords=jump). 
NOTE: coordinate (4.167,4.167,0.5855415680308917) has been dropped because of a 
coordinate filter. (see also unbounded coords=jump). 
NOTE: coordinate (4.265,4.265,0.5855267688131877) has been dropped because of a 
coordinate filter. (see also unbounded coords=jump). 
NOTE: coordinate (4.3629999999999995,4.3629999999999995,0.5855129075858803) has 
been dropped because of a coordinate filter. (see also unbounded coords=jump). 
NOTE: coordinate (4.460999999999999,4.460999999999999,0.5854999076453404) has be
en dropped because of a coordinate filter. (see also unbounded coords=jump). 
NOTE: coordinate (4.559,4.559,0.5854876998802361) has been dropped because of a 
coordinate filter. (see also unbounded coords=jump). 
NOTE: coordinate (4.657,4.657,0.585476221897832) has been dropped because of a c
oordinate filter. (see also unbounded coords=jump). 
NOTE: coordinate (4.755,4.755,0.5854654172639682) has been dropped because of a 
coordinate filter. (see also unbounded coords=jump). 
NOTE: coordinate (4.853,4.853,0.5854552348403186) has been dropped because of a 
coordinate filter. (see also unbounded coords=jump). 
NOTE: coordinate (4.951,4.951,0.585445628205143) has been dropped because of a c
oordinate filter. (see also unbounded coords=jump). 
Package pgfplots info on input line 248: Using 'lua backend=false' for plot 4 (t
ype '[tikz@plot@handler: macro:->\global \pgf@plot@startedfalse \global \let \pg
f@plotstreamend \pgf@plotstreamend@init \global \let \pgf@plotstreampoint \pgf@p
lotstreampoint@init \global \let \pgf@plotstreamjump \pgf@plotstreamjump@init \g
lobal \let \pgf@plotstreamspecial \pgf@plotstreamspecial@init \pgfplotyzerolevel
streamstart ]'): plot handler does not support LUA.
Package pgfplots info on input line 248: Using 'lua backend=false' for plot 4 (t
ype '[tikz@plot@handler: macro:->\global \pgf@plot@startedfalse \global \let \pg
f@plotstreamend \pgf@plotstreamend@init \global \let \pgf@plotstreampoint \pgf@p
lotstreampoint@init \global \let \pgf@plotstreamjump \pgf@plotstreamjump@init \g
lobal \let \pgf@plotstreamspecial \pgf@plotstreamspecial@init \pgfplotyzerolevel
streamstart ]'): LUA does not support x filter (yet).
PGFPlots: reading {Data/RX/RffG_LG.csv}
NOTE: coordinate (0.14900000000000002,0.14900000000000002,0.6641332847440802) ha
s been dropped because of a coordinate filter. (see also unbounded coords=jump).
 
NOTE: coordinate (0.24700000000000003,0.24700000000000003,0.6630085158291018) ha
s been dropped because of a coordinate filter. (see also unbounded coords=jump).
 
NOTE: coordinate (0.345,0.345,0.6619410808309432) has been dropped because of a 
coordinate filter. (see also unbounded coords=jump). 
NOTE: coordinate (0.44300000000000006,0.44300000000000006,0.6609672106605098) ha
s been dropped because of a coordinate filter. (see also unbounded coords=jump).
 
NOTE: coordinate (0.541,0.541,0.6600977989329952) has been dropped because of a 
coordinate filter. (see also unbounded coords=jump). 
NOTE: coordinate (0.639,0.639,0.6593330977934055) has been dropped because of a 
coordinate filter. (see also unbounded coords=jump). 
NOTE: coordinate (0.737,0.737,0.6586673424291889) has been dropped because of a 
coordinate filter. (see also unbounded coords=jump). 
NOTE: coordinate (0.835,0.835,0.6580915467744731) has been dropped because of a 
coordinate filter. (see also unbounded coords=jump). 
NOTE: coordinate (0.933,0.933,0.6575954198638307) has been dropped because of a 
coordinate filter. (see also unbounded coords=jump). 
NOTE: coordinate (1.0310000000000001,1.0310000000000001,0.6571685866174906) has 
been dropped because of a coordinate filter. (see also unbounded coords=jump). 
NOTE: coordinate (1.1290000000000002,1.1290000000000002,0.6568013078076392) has 
been dropped because of a coordinate filter. (see also unbounded coords=jump). 
NOTE: coordinate (1.227,1.227,0.6564848267094838) has been dropped because of a 
coordinate filter. (see also unbounded coords=jump). 
NOTE: coordinate (1.3250000000000002,1.3250000000000002,0.6562114869353852) has 
been dropped because of a coordinate filter. (see also unbounded coords=jump). 
NOTE: coordinate (1.423,1.423,0.6559747164636408) has been dropped because of a 
coordinate filter. (see also unbounded coords=jump). 
NOTE: coordinate (1.5210000000000001,1.5210000000000001,0.6557689377284692) has 
been dropped because of a coordinate filter. (see also unbounded coords=jump). 
NOTE: coordinate (1.6190000000000002,1.6190000000000002,0.6555894512253411) has 
been dropped because of a coordinate filter. (see also unbounded coords=jump). 
NOTE: coordinate (1.717,1.717,0.655432315332822) has been dropped because of a c
oordinate filter. (see also unbounded coords=jump). 
NOTE: coordinate (1.8150000000000002,1.8150000000000002,0.6552942274397375) has 
been dropped because of a coordinate filter. (see also unbounded coords=jump). 
NOTE: coordinate (1.9130000000000003,1.9130000000000003,0.655172423093072) has b
een dropped because of a coordinate filter. (see also unbounded coords=jump). 
NOTE: coordinate (2.011,2.011,0.6550645846656857) has been dropped because of a 
coordinate filter. (see also unbounded coords=jump). 
NOTE: coordinate (2.109,2.109,0.6549687652572241) has been dropped because of a 
coordinate filter. (see also unbounded coords=jump). 
NOTE: coordinate (2.2070000000000003,2.2070000000000003,0.6548833272325763) has 
been dropped because of a coordinate filter. (see also unbounded coords=jump). 
NOTE: coordinate (2.305,2.305,0.6548068878966702) has been dropped because of a 
coordinate filter. (see also unbounded coords=jump). 
NOTE: coordinate (2.403,2.403,0.6547382761576358) has been dropped because of a 
coordinate filter. (see also unbounded coords=jump). 
NOTE: coordinate (2.5010000000000003,2.5010000000000003,0.6546764984374236) has 
been dropped because of a coordinate filter. (see also unbounded coords=jump). 
NOTE: coordinate (2.599,2.599,0.6546207067284762) has been dropped because of a 
coordinate filter. (see also unbounded coords=jump). 
NOTE: coordinate (2.697,2.697,0.6545701762283209) has been dropped because of a 
coordinate filter. (see also unbounded coords=jump). 
NOTE: coordinate (2.7950000000000004,2.7950000000000004,0.6545242850041435) has 
been dropped because of a coordinate filter. (see also unbounded coords=jump). 
NOTE: coordinate (2.8930000000000002,2.8930000000000002,0.6544824975656306) has 
been dropped because of a coordinate filter. (see also unbounded coords=jump). 
NOTE: coordinate (2.991,2.991,0.6544443513336415) has been dropped because of a 
coordinate filter. (see also unbounded coords=jump). 
NOTE: coordinate (3.0890000000000004,3.0890000000000004,0.6544094453878739) has 
been dropped because of a coordinate filter. (see also unbounded coords=jump). 
NOTE: coordinate (3.1870000000000003,3.1870000000000003,0.6543774311505457) has 
been dropped because of a coordinate filter. (see also unbounded coords=jump). 
NOTE: coordinate (3.285,3.285,0.654348004608063) has been dropped because of a c
oordinate filter. (see also unbounded coords=jump). 
NOTE: coordinate (3.383,3.383,0.6543208998025163) has been dropped because of a 
coordinate filter. (see also unbounded coords=jump). 
NOTE: coordinate (3.4810000000000003,3.4810000000000003,0.654295883392298) has b
een dropped because of a coordinate filter. (see also unbounded coords=jump). 
NOTE: coordinate (3.579,3.579,0.6542727500687711) has been dropped because of a 
coordinate filter. (see also unbounded coords=jump). 
NOTE: coordinate (3.677,3.677,0.6542513186868154) has been dropped because of a 
coordinate filter. (see also unbounded coords=jump). 
NOTE: coordinate (3.7750000000000004,3.7750000000000004,0.6542314289978202) has 
been dropped because of a coordinate filter. (see also unbounded coords=jump). 
NOTE: coordinate (3.873,3.873,0.6542129388715117) has been dropped because of a 
coordinate filter. (see also unbounded coords=jump). 
NOTE: coordinate (3.971,3.971,0.654195721934252) has been dropped because of a c
oordinate filter. (see also unbounded coords=jump). 
NOTE: coordinate (4.069,4.069,0.6541796655519299) has been dropped because of a 
coordinate filter. (see also unbounded coords=jump). 
NOTE: coordinate (4.167,4.167,0.6541646691005856) has been dropped because of a 
coordinate filter. (see also unbounded coords=jump). 
NOTE: coordinate (4.265,4.265,0.6541506424868258) has been dropped because of a 
coordinate filter. (see also unbounded coords=jump). 
NOTE: coordinate (4.3629999999999995,4.3629999999999995,0.6541375048662232) has 
been dropped because of a coordinate filter. (see also unbounded coords=jump). 
NOTE: coordinate (4.460999999999999,4.460999999999999,0.6541251835456249) has be
en dropped because of a coordinate filter. (see also unbounded coords=jump). 
NOTE: coordinate (4.559,4.559,0.6541136130257261) has been dropped because of a 
coordinate filter. (see also unbounded coords=jump). 
NOTE: coordinate (4.657,4.657,0.6541027341752355) has been dropped because of a 
coordinate filter. (see also unbounded coords=jump). 
NOTE: coordinate (4.755,4.755,0.654092493507956) has been dropped because of a c
oordinate filter. (see also unbounded coords=jump). 
NOTE: coordinate (4.853,4.853,0.6540828425599816) has been dropped because of a 
coordinate filter. (see also unbounded coords=jump). 
NOTE: coordinate (4.951,4.951,0.6540737373332979) has been dropped because of a 
coordinate filter. (see also unbounded coords=jump). 
PGFPlots: reading {Data/RX/terra_RX.csv}
Package pgfplots info on input line 257: Using 'lua backend=false' for plot 0 (t
ype 'graphics'): plot handler does not support LUA.
PGFPlots: reading {Data/RX/I1_re_LL.csv}
PGFPlots: reading {Data/RX/RI1_re_LL.csv}
PGFPlots: reading {Data/RX/I1_im_LL.csv}
PGFPlots: reading {Data/RX/RI1_im_LL.csv}
PGFPlots: reading {Data/RX/I2_re_LL.csv}
PGFPlots: reading {Data/RX/RI2_re_LL.csv}
PGFPlots: reading {Data/RX/I2_im_LL.csv}
PGFPlots: reading {Data/RX/RI2_im_LL.csv}
PGFPlots: reading {Data/RX/ff_LL.csv}
PGFPlots: reading {Data/RX/Rff_LL.csv}
[5
Missing character: There is no ; (U+003B) in font nullfont!
]
PGFPlots: reading {Data/RX/I1_re_LLG.csv}
PGFPlots: reading {Data/RX/RI1_re_LLG.csv}
PGFPlots: reading {Data/RX/I1_im_LLG.csv}
PGFPlots: reading {Data/RX/RI1_im_LLG.csv}
PGFPlots: reading {Data/RX/I2_re_LLG.csv}
PGFPlots: reading {Data/RX/RI2_re_LLG.csv}
PGFPlots: reading {Data/RX/I2_im_LLG.csv}
PGFPlots: reading {Data/RX/RI2_im_LLG.csv}
PGFPlots: reading {Data/RX/ff_LLG.csv}
PGFPlots: reading {Data/RX/Rff_LLG.csv}
 [6
Missing character: There is no ; (U+003B) in font nullfont!
] [7
Missing character: There is no ; (U+003B) in font nullfont!
]) [8] (./Main.aux)
Package logreq Info: Writing requests to 'Main.run.xml'.

\openout1 = Main.run.xml
)

Here is how much of LuaTeX's memory you used:
 52003 strings out of 479005
 195327,2373549 words of node,token memory allocated
 560 words of node memory still in use:
   6 hlist, 2 vlist, 2 rule, 2 glue, 4 kern, 1 glyph, 8 attribute, 65 glue_spec,
 8 attribute_list, 2 write nodes
   avail lists: 1:4,2:16376,3:8245,4:235,5:420,6:36,7:10880,8:8,9:2033,10:10,11:
435
 69886 multiletter control sequences out of 65536+200000
 75 fonts using 6709971 bytes
 108i,21n,127p,1012b,2624s stack positions out of 5000i,500n,10000p,200000b,50000s
<//?/c:/program files/miktex 2.9/fonts/opentype/public/lm/lmroman8-regular.otf><
//?/c:/program files/miktex 2.9/fonts/opentype/public/lm/lmroman10-regular.otf><
//?/c:/program files/miktex 2.9/fonts/opentype/public/lm/lmroman12-bold.otf><C:/
Program Files/MiKTeX 2.9/fonts/type1/public/amsfonts/cm/cmmi10.pfb><C:/Program F
iles/MiKTeX 2.9/fonts/type1/public/amsfonts/cm/cmmi6.pfb><C:/Program Files/MiKTe
X 2.9/fonts/type1/public/amsfonts/cm/cmmi7.pfb><C:/Program Files/MiKTeX 2.9/font
s/type1/public/amsfonts/cm/cmmi8.pfb><C:/Program Files/MiKTeX 2.9/fonts/type1/pu
blic/amsfonts/cm/cmr10.pfb><C:/Program Files/MiKTeX 2.9/fonts/type1/public/amsfo
nts/cm/cmr6.pfb><C:/Program Files/MiKTeX 2.9/fonts/type1/public/amsfonts/cm/cmr8
.pfb><C:/Program Files/MiKTeX 2.9/fonts/type1/public/amsfonts/cm/cmsy10.pfb><C:/
Program Files/MiKTeX 2.9/fonts/type1/public/amsfonts/cm/cmsy6.pfb><C:/Program Fi
les/MiKTeX 2.9/fonts/type1/public/amsfonts/cm/cmsy8.pfb>
Output written on Main.pdf (8 pages, 210550 bytes).

PDF statistics: 95 PDF objects out of 1000 (max. 8388607)
 0 named destinations out of 1000 (max. 131072)
 36 words of extra memory for PDF output out of 10000 (max. 100000000)

